0 verbose cli /home/taranakiyoza/.nvm/versions/node/v16.17.0/bin/node /home/taranakiyoza/.nvm/versions/node/v16.17.0/lib/node_modules/npm/bin/npm-cli.js
1 info using npm@8.15.0
2 info using node@v16.17.0
3 timing npm:load:whichnode Completed in 1ms
4 timing config:load:defaults Completed in 3ms
5 timing config:load:file:/home/taranakiyoza/.nvm/versions/node/v16.17.0/lib/node_modules/npm/npmrc Completed in 2ms
6 timing config:load:builtin Completed in 2ms
7 timing config:load:cli Completed in 4ms
8 timing config:load:env Completed in 1ms
9 timing config:load:project Completed in 4ms
10 timing config:load:file:/home/taranakiyoza/.npmrc Completed in 1ms
11 timing config:load:user Completed in 1ms
12 timing config:load:file:/home/taranakiyoza/.nvm/versions/node/v16.17.0/etc/npmrc Completed in 0ms
13 timing config:load:global Completed in 2ms
14 timing config:load:validate Completed in 0ms
15 timing config:load:credentials Completed in 3ms
16 timing config:load:setEnvs Completed in 2ms
17 timing config:load Completed in 22ms
18 timing npm:load:configload Completed in 22ms
19 timing npm:load:mkdirpcache Completed in 9ms
20 timing npm:load:mkdirplogs Completed in 2ms
21 verbose title npm exec @donothing/can-u-build-sqlite3
22 verbose argv "exec" "--yes" "--" "@donothing/can-u-build-sqlite3"
23 timing npm:load:setTitle Completed in 2ms
24 timing config:load:flatten Completed in 7ms
25 timing npm:load:display Completed in 10ms
26 verbose logfile logs-max:10 dir:/home/taranakiyoza/.npm/_logs
27 verbose logfile /home/taranakiyoza/.npm/_logs/2022-08-29T12_10_01_433Z-debug-0.log
28 timing npm:load:logFile Completed in 12ms
29 timing npm:load:timers Completed in 0ms
30 timing npm:load:configScope Completed in 0ms
31 timing npm:load Completed in 60ms
32 silly logfile done cleaning log files
33 timing arborist:ctor Completed in 2ms
34 http fetch GET 200 https://registry.npmjs.org/npm 852ms (cache miss)
35 http fetch GET 200 https://registry.npmjs.org/@donothing%2fcan-u-build-sqlite3 2204ms (cache miss)
36 timing arborist:ctor Completed in 0ms
37 timing arborist:ctor Completed in 0ms
38 timing idealTree:init Completed in 11ms
39 timing idealTree:userRequests Completed in 5ms
40 silly idealTree buildDeps
41 silly fetch manifest @donothing/can-u-build-sqlite3@1.1.2
42 http fetch GET 200 https://registry.npmjs.org/@donothing%2fcan-u-build-sqlite3 41ms (cache hit)
43 silly placeDep ROOT @donothing/can-u-build-sqlite3@1.1.2 OK for:  want: 1.1.2
44 silly fetch manifest knex@^2.1.0
45 silly fetch manifest sqlite3@^5.0.8
46 http fetch GET 200 https://registry.npmjs.org/knex 465ms (cache miss)
47 http fetch GET 200 https://registry.npmjs.org/sqlite3 908ms (cache miss)
48 timing idealTree:#root Completed in 982ms
49 silly placeDep ROOT knex@2.2.0 OK for: @donothing/can-u-build-sqlite3@1.1.2 want: ^2.1.0
50 silly placeDep ROOT sqlite3@5.0.11 OK for: @donothing/can-u-build-sqlite3@1.1.2 want: ^5.0.8
51 silly fetch manifest colorette@2.0.19
52 silly fetch manifest commander@^9.1.0
53 silly fetch manifest debug@4.3.4
54 silly fetch manifest escalade@^3.1.1
55 silly fetch manifest esm@^3.2.25
56 silly fetch manifest get-package-type@^0.1.0
57 silly fetch manifest getopts@2.3.0
58 silly fetch manifest interpret@^2.2.0
59 silly fetch manifest lodash@^4.17.21
60 silly fetch manifest pg-connection-string@2.5.0
61 silly fetch manifest rechoir@^0.8.0
62 silly fetch manifest resolve-from@^5.0.0
63 silly fetch manifest tarn@^3.0.2
64 silly fetch manifest tildify@2.0.0
65 silly fetch manifest @mapbox/node-pre-gyp@^1.0.0
66 silly fetch manifest node-addon-api@^4.2.0
67 silly fetch manifest tar@^6.1.11
68 silly fetch manifest node-gyp@8.x
69 http fetch GET 200 https://registry.npmjs.org/colorette 128ms (cache miss)
70 http fetch GET 200 https://registry.npmjs.org/commander 132ms (cache miss)
71 http fetch GET 200 https://registry.npmjs.org/tar 204ms (cache miss)
72 http fetch GET 200 https://registry.npmjs.org/node-addon-api 283ms (cache miss)
73 http fetch GET 200 https://registry.npmjs.org/resolve-from 291ms (cache miss)
74 http fetch GET 200 https://registry.npmjs.org/get-package-type 310ms (cache miss)
75 http fetch GET 200 https://registry.npmjs.org/escalade 319ms (cache miss)
76 http fetch GET 200 https://registry.npmjs.org/node-gyp 299ms (cache miss)
77 http fetch GET 200 https://registry.npmjs.org/tarn 315ms (cache miss)
78 http fetch GET 200 https://registry.npmjs.org/interpret 329ms (cache miss)
79 http fetch GET 200 https://registry.npmjs.org/lodash 337ms (cache miss)
80 http fetch GET 200 https://registry.npmjs.org/debug 349ms (cache miss)
81 http fetch GET 200 https://registry.npmjs.org/esm 355ms (cache miss)
82 http fetch GET 200 https://registry.npmjs.org/getopts 466ms (cache miss)
83 http fetch GET 200 https://registry.npmjs.org/pg-connection-string 462ms (cache miss)
84 http fetch GET 200 https://registry.npmjs.org/rechoir 470ms (cache miss)
85 http fetch GET 200 https://registry.npmjs.org/tildify 467ms (cache miss)
86 http fetch GET 200 https://registry.npmjs.org/@mapbox%2fnode-pre-gyp 936ms (cache miss)
87 timing idealTree:node_modules/@donothing/can-u-build-sqlite3 Completed in 978ms
88 silly placeDep ROOT colorette@2.0.19 OK for: knex@2.2.0 want: 2.0.19
89 silly placeDep ROOT commander@9.4.0 OK for: knex@2.2.0 want: ^9.1.0
90 silly placeDep ROOT debug@4.3.4 OK for: knex@2.2.0 want: 4.3.4
91 silly placeDep ROOT escalade@3.1.1 OK for: knex@2.2.0 want: ^3.1.1
92 silly placeDep ROOT esm@3.2.25 OK for: knex@2.2.0 want: ^3.2.25
93 silly placeDep ROOT get-package-type@0.1.0 OK for: knex@2.2.0 want: ^0.1.0
94 silly placeDep ROOT getopts@2.3.0 OK for: knex@2.2.0 want: 2.3.0
95 silly placeDep ROOT interpret@2.2.0 OK for: knex@2.2.0 want: ^2.2.0
96 silly placeDep ROOT lodash@4.17.21 OK for: knex@2.2.0 want: ^4.17.21
97 silly placeDep ROOT pg-connection-string@2.5.0 OK for: knex@2.2.0 want: 2.5.0
98 silly placeDep ROOT rechoir@0.8.0 OK for: knex@2.2.0 want: ^0.8.0
99 silly placeDep ROOT resolve-from@5.0.0 OK for: knex@2.2.0 want: ^5.0.0
100 silly placeDep ROOT tarn@3.0.2 OK for: knex@2.2.0 want: ^3.0.2
101 silly placeDep ROOT tildify@2.0.0 OK for: knex@2.2.0 want: 2.0.0
102 silly fetch manifest ms@2.1.2
103 silly fetch manifest resolve@^1.20.0
104 http fetch GET 200 https://registry.npmjs.org/ms 96ms (cache miss)
105 http fetch GET 200 https://registry.npmjs.org/resolve 118ms (cache miss)
106 timing idealTree:node_modules/knex Completed in 195ms
107 timing idealTree:node_modules/colorette Completed in 0ms
108 timing idealTree:node_modules/commander Completed in 0ms
109 silly placeDep ROOT ms@2.1.2 OK for: debug@4.3.4 want: 2.1.2
110 timing idealTree:node_modules/debug Completed in 3ms
111 timing idealTree:node_modules/escalade Completed in 0ms
112 timing idealTree:node_modules/esm Completed in 1ms
113 timing idealTree:node_modules/get-package-type Completed in 1ms
114 timing idealTree:node_modules/getopts Completed in 0ms
115 timing idealTree:node_modules/interpret Completed in 0ms
116 timing idealTree:node_modules/lodash Completed in 0ms
117 timing idealTree:node_modules/ms Completed in 0ms
118 timing idealTree:node_modules/pg-connection-string Completed in 0ms
119 silly placeDep ROOT resolve@1.22.1 OK for: rechoir@0.8.0 want: ^1.20.0
120 silly fetch manifest is-core-module@^2.9.0
121 silly fetch manifest path-parse@^1.0.7
122 silly fetch manifest supports-preserve-symlinks-flag@^1.0.0
123 http fetch GET 200 https://registry.npmjs.org/path-parse 90ms (cache miss)
124 http fetch GET 200 https://registry.npmjs.org/is-core-module 95ms (cache miss)
125 http fetch GET 200 https://registry.npmjs.org/supports-preserve-symlinks-flag 897ms (cache miss)
126 timing idealTree:node_modules/rechoir Completed in 910ms
127 silly placeDep ROOT is-core-module@2.10.0 OK for: resolve@1.22.1 want: ^2.9.0
128 silly placeDep ROOT path-parse@1.0.7 OK for: resolve@1.22.1 want: ^1.0.7
129 silly placeDep ROOT supports-preserve-symlinks-flag@1.0.0 OK for: resolve@1.22.1 want: ^1.0.0
130 silly fetch manifest has@^1.0.3
131 http fetch GET 200 https://registry.npmjs.org/has 78ms (cache miss)
132 timing idealTree:node_modules/resolve Completed in 83ms
133 silly placeDep ROOT has@1.0.3 OK for: is-core-module@2.10.0 want: ^1.0.3
134 silly fetch manifest function-bind@^1.1.1
135 http fetch GET 200 https://registry.npmjs.org/function-bind 72ms (cache miss)
136 timing idealTree:node_modules/is-core-module Completed in 80ms
137 silly placeDep ROOT function-bind@1.1.1 OK for: has@1.0.3 want: ^1.1.1
138 timing idealTree:node_modules/has Completed in 4ms
139 timing idealTree:node_modules/function-bind Completed in 0ms
140 timing idealTree:node_modules/path-parse Completed in 0ms
141 timing idealTree:node_modules/resolve-from Completed in 0ms
142 silly placeDep ROOT @mapbox/node-pre-gyp@1.0.9 OK for: sqlite3@5.0.11 want: ^1.0.0
143 silly placeDep ROOT node-addon-api@4.3.0 OK for: sqlite3@5.0.11 want: ^4.2.0
144 silly placeDep ROOT node-gyp@8.4.1 OK for: sqlite3@5.0.11 want: 8.x
145 silly placeDep ROOT tar@6.1.11 OK for: sqlite3@5.0.11 want: ^6.1.11
146 silly fetch manifest detect-libc@^2.0.0
147 silly fetch manifest https-proxy-agent@^5.0.0
148 silly fetch manifest make-dir@^3.1.0
149 silly fetch manifest node-fetch@^2.6.7
150 silly fetch manifest nopt@^5.0.0
151 silly fetch manifest npmlog@^5.0.1
152 silly fetch manifest rimraf@^3.0.2
153 silly fetch manifest semver@^7.3.5
154 silly fetch manifest env-paths@^2.2.0
155 silly fetch manifest glob@^7.1.4
156 silly fetch manifest graceful-fs@^4.2.6
157 silly fetch manifest make-fetch-happen@^9.1.0
158 silly fetch manifest npmlog@^6.0.0
159 silly fetch manifest which@^2.0.2
160 silly fetch manifest chownr@^2.0.0
161 silly fetch manifest fs-minipass@^2.0.0
162 silly fetch manifest minipass@^3.0.0
163 silly fetch manifest minizlib@^2.1.1
164 silly fetch manifest mkdirp@^1.0.3
165 silly fetch manifest yallist@^4.0.0
166 http fetch GET 200 https://registry.npmjs.org/env-paths 240ms (cache miss)
167 http fetch GET 200 https://registry.npmjs.org/chownr 230ms (cache miss)
168 http fetch GET 200 https://registry.npmjs.org/make-dir 263ms (cache miss)
169 http fetch GET 200 https://registry.npmjs.org/https-proxy-agent 275ms (cache miss)
170 http fetch GET 200 https://registry.npmjs.org/mkdirp 235ms (cache miss)
171 http fetch GET 200 https://registry.npmjs.org/npmlog 271ms (cache miss)
172 http fetch GET 200 https://registry.npmjs.org/rimraf 271ms (cache miss)
173 http fetch GET 200 https://registry.npmjs.org/minizlib 242ms (cache miss)
174 http fetch GET 200 https://registry.npmjs.org/fs-minipass 249ms (cache miss)
175 http fetch GET 200 https://registry.npmjs.org/yallist 240ms (cache miss)
176 http fetch GET 200 https://registry.npmjs.org/npmlog 262ms (cache miss)
177 http fetch GET 200 https://registry.npmjs.org/which 265ms (cache miss)
178 http fetch GET 200 https://registry.npmjs.org/semver 283ms (cache miss)
179 http fetch GET 200 https://registry.npmjs.org/minipass 265ms (cache miss)
180 http fetch GET 200 https://registry.npmjs.org/graceful-fs 291ms (cache miss)
181 http fetch GET 200 https://registry.npmjs.org/glob 294ms (cache miss)
182 http fetch GET 200 https://registry.npmjs.org/node-fetch 316ms (cache miss)
183 http fetch GET 200 https://registry.npmjs.org/detect-libc 460ms (cache miss)
184 http fetch GET 200 https://registry.npmjs.org/nopt 457ms (cache miss)
185 http fetch GET 200 https://registry.npmjs.org/make-fetch-happen 489ms (cache miss)
186 timing idealTree:node_modules/sqlite3 Completed in 542ms
187 silly fetch manifest encoding@^0.1.0
188 http fetch GET 200 https://registry.npmjs.org/encoding 310ms (cache miss)
189 silly placeDep ROOT detect-libc@2.0.1 OK for: @mapbox/node-pre-gyp@1.0.9 want: ^2.0.0
190 silly placeDep ROOT https-proxy-agent@5.0.1 OK for: @mapbox/node-pre-gyp@1.0.9 want: ^5.0.0
191 silly placeDep ROOT make-dir@3.1.0 OK for: @mapbox/node-pre-gyp@1.0.9 want: ^3.1.0
192 silly placeDep ROOT node-fetch@2.6.7 OK for: @mapbox/node-pre-gyp@1.0.9 want: ^2.6.7
193 silly placeDep ROOT nopt@5.0.0 OK for: @mapbox/node-pre-gyp@1.0.9 want: ^5.0.0
194 silly placeDep ROOT npmlog@5.0.1 OK for: @mapbox/node-pre-gyp@1.0.9 want: ^5.0.1
195 silly placeDep ROOT rimraf@3.0.2 OK for: @mapbox/node-pre-gyp@1.0.9 want: ^3.0.2
196 silly placeDep ROOT semver@7.3.7 OK for: @mapbox/node-pre-gyp@1.0.9 want: ^7.3.5
197 silly fetch manifest agent-base@6
198 silly fetch manifest semver@^6.0.0
199 silly fetch manifest whatwg-url@^5.0.0
200 silly fetch manifest abbrev@1
201 silly fetch manifest are-we-there-yet@^2.0.0
202 silly fetch manifest console-control-strings@^1.1.0
203 silly fetch manifest gauge@^3.0.0
204 silly fetch manifest set-blocking@^2.0.0
205 silly fetch manifest glob@^7.1.3
206 silly fetch manifest lru-cache@^6.0.0
207 http fetch GET 200 https://registry.npmjs.org/console-control-strings 160ms (cache miss)
208 http fetch GET 200 https://registry.npmjs.org/agent-base 170ms (cache miss)
209 http fetch GET 200 https://registry.npmjs.org/set-blocking 163ms (cache miss)
210 http fetch GET 200 https://registry.npmjs.org/abbrev 175ms (cache miss)
211 http fetch GET 200 https://registry.npmjs.org/gauge 170ms (cache miss)
212 http fetch GET 200 https://registry.npmjs.org/lru-cache 173ms (cache miss)
213 http fetch GET 200 https://registry.npmjs.org/are-we-there-yet 194ms (cache miss)
214 http fetch GET 200 https://registry.npmjs.org/whatwg-url 212ms (cache miss)
215 timing idealTree:node_modules/@mapbox/node-pre-gyp Completed in 559ms
216 timing idealTree:node_modules/detect-libc Completed in 0ms
217 silly placeDep ROOT agent-base@6.0.2 OK for: https-proxy-agent@5.0.1 want: 6
218 timing idealTree:node_modules/https-proxy-agent Completed in 5ms
219 timing idealTree:node_modules/agent-base Completed in 0ms
220 silly placeDep node_modules/make-dir semver@6.3.0 OK for: make-dir@3.1.0 want: ^6.0.0
221 timing idealTree:node_modules/make-dir Completed in 6ms
222 timing idealTree:node_modules/node-addon-api Completed in 1ms
223 silly placeDep ROOT whatwg-url@5.0.0 OK for: node-fetch@2.6.7 want: ^5.0.0
224 silly fetch manifest tr46@~0.0.3
225 silly fetch manifest webidl-conversions@^3.0.0
226 http fetch GET 200 https://registry.npmjs.org/webidl-conversions 87ms (cache miss)
227 http fetch GET 200 https://registry.npmjs.org/tr46 102ms (cache miss)
228 timing idealTree:node_modules/node-fetch Completed in 111ms
229 silly placeDep ROOT env-paths@2.2.1 OK for: node-gyp@8.4.1 want: ^2.2.0
230 silly placeDep ROOT glob@7.2.3 OK for: node-gyp@8.4.1 want: ^7.1.4
231 silly placeDep ROOT graceful-fs@4.2.10 OK for: node-gyp@8.4.1 want: ^4.2.6
232 silly placeDep ROOT make-fetch-happen@9.1.0 OK for: node-gyp@8.4.1 want: ^9.1.0
233 silly placeDep node_modules/node-gyp npmlog@6.0.2 OK for: node-gyp@8.4.1 want: ^6.0.0
234 silly placeDep ROOT which@2.0.2 OK for: node-gyp@8.4.1 want: ^2.0.2
235 silly fetch manifest fs.realpath@^1.0.0
236 silly fetch manifest inflight@^1.0.4
237 silly fetch manifest inherits@2
238 silly fetch manifest minimatch@^3.1.1
239 silly fetch manifest once@^1.3.0
240 silly fetch manifest path-is-absolute@^1.0.0
241 silly fetch manifest agentkeepalive@^4.1.3
242 silly fetch manifest cacache@^15.2.0
243 silly fetch manifest http-cache-semantics@^4.1.0
244 silly fetch manifest http-proxy-agent@^4.0.1
245 silly fetch manifest is-lambda@^1.0.1
246 silly fetch manifest minipass@^3.1.3
247 silly fetch manifest minipass-collect@^1.0.2
248 silly fetch manifest minipass-fetch@^1.3.2
249 silly fetch manifest minipass-flush@^1.0.5
250 silly fetch manifest minipass-pipeline@^1.2.4
251 silly fetch manifest negotiator@^0.6.2
252 silly fetch manifest promise-retry@^2.0.1
253 silly fetch manifest socks-proxy-agent@^6.0.0
254 silly fetch manifest ssri@^8.0.0
255 silly fetch manifest are-we-there-yet@^3.0.0
256 silly fetch manifest gauge@^4.0.3
257 silly fetch manifest isexe@^2.0.0
258 http fetch GET 200 https://registry.npmjs.org/fs.realpath 256ms (cache miss)
259 http fetch GET 200 https://registry.npmjs.org/inherits 259ms (cache miss)
260 http fetch GET 200 https://registry.npmjs.org/is-lambda 246ms (cache miss)
261 http fetch GET 200 https://registry.npmjs.org/inflight 268ms (cache miss)
262 http fetch GET 200 https://registry.npmjs.org/isexe 235ms (cache miss)
263 http fetch GET 200 https://registry.npmjs.org/path-is-absolute 263ms (cache miss)
264 http fetch GET 200 https://registry.npmjs.org/http-proxy-agent 257ms (cache miss)
265 http fetch GET 200 https://registry.npmjs.org/minipass-collect 257ms (cache miss)
266 http fetch GET 200 https://registry.npmjs.org/ssri 246ms (cache miss)
267 http fetch GET 200 https://registry.npmjs.org/http-cache-semantics 266ms (cache miss)
268 http fetch GET 200 https://registry.npmjs.org/once 276ms (cache miss)
269 http fetch GET 200 https://registry.npmjs.org/agentkeepalive 273ms (cache miss)
270 http fetch GET 200 https://registry.npmjs.org/negotiator 256ms (cache miss)
271 http fetch GET 200 https://registry.npmjs.org/promise-retry 256ms (cache miss)
272 http fetch GET 200 https://registry.npmjs.org/minimatch 283ms (cache miss)
273 http fetch GET 200 https://registry.npmjs.org/minipass-fetch 274ms (cache miss)
274 http fetch GET 200 https://registry.npmjs.org/minipass-flush 274ms (cache miss)
275 http fetch GET 200 https://registry.npmjs.org/cacache 289ms (cache miss)
276 http fetch GET 200 https://registry.npmjs.org/socks-proxy-agent 282ms (cache miss)
277 http fetch GET 200 https://registry.npmjs.org/minipass-pipeline 289ms (cache miss)
278 timing idealTree:node_modules/node-gyp Completed in 340ms
279 timing idealTree:node_modules/env-paths Completed in 0ms
280 silly placeDep ROOT fs.realpath@1.0.0 OK for: glob@7.2.3 want: ^1.0.0
281 silly placeDep ROOT inflight@1.0.6 OK for: glob@7.2.3 want: ^1.0.4
282 silly placeDep ROOT inherits@2.0.4 OK for: glob@7.2.3 want: 2
283 silly placeDep ROOT minimatch@3.1.2 OK for: glob@7.2.3 want: ^3.1.1
284 silly placeDep ROOT once@1.4.0 OK for: glob@7.2.3 want: ^1.3.0
285 silly placeDep ROOT path-is-absolute@1.0.1 OK for: glob@7.2.3 want: ^1.0.0
286 silly fetch manifest wrappy@1
287 silly fetch manifest brace-expansion@^1.1.7
288 http fetch GET 200 https://registry.npmjs.org/wrappy 84ms (cache miss)
289 http fetch GET 200 https://registry.npmjs.org/brace-expansion 81ms (cache miss)
290 timing idealTree:node_modules/glob Completed in 99ms
291 timing idealTree:node_modules/fs.realpath Completed in 0ms
292 timing idealTree:node_modules/graceful-fs Completed in 0ms
293 silly placeDep ROOT wrappy@1.0.2 OK for: inflight@1.0.6 want: 1
294 timing idealTree:node_modules/inflight Completed in 3ms
295 timing idealTree:node_modules/inherits Completed in 0ms
296 silly placeDep ROOT agentkeepalive@4.2.1 OK for: make-fetch-happen@9.1.0 want: ^4.1.3
297 silly placeDep ROOT cacache@15.3.0 OK for: make-fetch-happen@9.1.0 want: ^15.2.0
298 silly placeDep ROOT http-cache-semantics@4.1.0 OK for: make-fetch-happen@9.1.0 want: ^4.1.0
299 silly placeDep ROOT http-proxy-agent@4.0.1 OK for: make-fetch-happen@9.1.0 want: ^4.0.1
300 silly placeDep ROOT is-lambda@1.0.1 OK for: make-fetch-happen@9.1.0 want: ^1.0.1
301 silly placeDep ROOT lru-cache@6.0.0 OK for: make-fetch-happen@9.1.0 want: ^6.0.0
302 silly placeDep ROOT minipass@3.3.4 OK for: make-fetch-happen@9.1.0 want: ^3.1.3
303 silly placeDep ROOT minipass-collect@1.0.2 OK for: make-fetch-happen@9.1.0 want: ^1.0.2
304 silly placeDep ROOT minipass-fetch@1.4.1 OK for: make-fetch-happen@9.1.0 want: ^1.3.2
305 silly placeDep ROOT minipass-flush@1.0.5 OK for: make-fetch-happen@9.1.0 want: ^1.0.5
306 silly placeDep ROOT minipass-pipeline@1.2.4 OK for: make-fetch-happen@9.1.0 want: ^1.2.4
307 silly placeDep ROOT negotiator@0.6.3 OK for: make-fetch-happen@9.1.0 want: ^0.6.2
308 silly placeDep ROOT promise-retry@2.0.1 OK for: make-fetch-happen@9.1.0 want: ^2.0.1
309 silly placeDep ROOT socks-proxy-agent@6.2.1 OK for: make-fetch-happen@9.1.0 want: ^6.0.0
310 silly placeDep ROOT ssri@8.0.1 OK for: make-fetch-happen@9.1.0 want: ^8.0.0
311 silly fetch manifest depd@^1.1.2
312 silly fetch manifest humanize-ms@^1.2.1
313 silly fetch manifest @npmcli/fs@^1.0.0
314 silly fetch manifest @npmcli/move-file@^1.0.1
315 silly fetch manifest infer-owner@^1.0.4
316 silly fetch manifest p-map@^4.0.0
317 silly fetch manifest promise-inflight@^1.0.1
318 silly fetch manifest unique-filename@^1.1.1
319 silly fetch manifest @tootallnate/once@1
320 silly fetch manifest minipass-sized@^1.0.3
321 silly fetch manifest minizlib@^2.0.0
322 silly fetch manifest encoding@^0.1.12
323 silly fetch manifest err-code@^2.0.2
324 silly fetch manifest retry@^0.12.0
325 silly fetch manifest socks@^2.6.2
326 http fetch GET 200 https://registry.npmjs.org/retry 154ms (cache miss)
327 http fetch GET 200 https://registry.npmjs.org/infer-owner 170ms (cache miss)
328 http fetch GET 200 https://registry.npmjs.org/minipass-sized 164ms (cache miss)
329 http fetch GET 200 https://registry.npmjs.org/humanize-ms 178ms (cache miss)
330 http fetch GET 200 https://registry.npmjs.org/unique-filename 174ms (cache miss)
331 http fetch GET 200 https://registry.npmjs.org/depd 186ms (cache miss)
332 http fetch GET 200 https://registry.npmjs.org/@npmcli%2fmove-file 182ms (cache miss)
333 http fetch GET 200 https://registry.npmjs.org/promise-inflight 180ms (cache miss)
334 http fetch GET 200 https://registry.npmjs.org/err-code 174ms (cache miss)
335 http fetch GET 200 https://registry.npmjs.org/socks 174ms (cache miss)
336 http fetch GET 200 https://registry.npmjs.org/@npmcli%2ffs 359ms (cache miss)
337 http fetch GET 200 https://registry.npmjs.org/p-map 358ms (cache miss)
338 http fetch GET 200 https://registry.npmjs.org/@tootallnate%2fonce 552ms (cache miss)
339 timing idealTree:node_modules/make-fetch-happen Completed in 626ms
340 silly placeDep ROOT depd@1.1.2 OK for: agentkeepalive@4.2.1 want: ^1.1.2
341 silly placeDep ROOT humanize-ms@1.2.1 OK for: agentkeepalive@4.2.1 want: ^1.2.1
342 timing idealTree:node_modules/agentkeepalive Completed in 5ms
343 silly placeDep ROOT @npmcli/fs@1.1.1 OK for: cacache@15.3.0 want: ^1.0.0
344 silly placeDep ROOT @npmcli/move-file@1.1.2 OK for: cacache@15.3.0 want: ^1.0.1
345 silly placeDep ROOT chownr@2.0.0 OK for: cacache@15.3.0 want: ^2.0.0
346 silly placeDep ROOT fs-minipass@2.1.0 OK for: cacache@15.3.0 want: ^2.0.0
347 silly placeDep ROOT infer-owner@1.0.4 OK for: cacache@15.3.0 want: ^1.0.4
348 silly placeDep ROOT mkdirp@1.0.4 OK for: cacache@15.3.0 want: ^1.0.3
349 silly placeDep ROOT p-map@4.0.0 OK for: cacache@15.3.0 want: ^4.0.0
350 silly placeDep ROOT promise-inflight@1.0.1 OK for: cacache@15.3.0 want: ^1.0.1
351 silly placeDep ROOT unique-filename@1.1.1 OK for: cacache@15.3.0 want: ^1.1.1
352 silly fetch manifest @gar/promisify@^1.0.1
353 silly fetch manifest aggregate-error@^3.0.0
354 silly fetch manifest unique-slug@^2.0.0
355 http fetch GET 200 https://registry.npmjs.org/unique-slug 84ms (cache miss)
356 http fetch GET 200 https://registry.npmjs.org/aggregate-error 95ms (cache miss)
357 http fetch GET 200 https://registry.npmjs.org/@gar%2fpromisify 126ms (cache miss)
358 timing idealTree:node_modules/cacache Completed in 154ms
359 silly placeDep ROOT @gar/promisify@1.1.3 OK for: @npmcli/fs@1.1.1 want: ^1.0.1
360 timing idealTree:node_modules/@npmcli/fs Completed in 3ms
361 timing idealTree:node_modules/@gar/promisify Completed in 0ms
362 timing idealTree:node_modules/@npmcli/move-file Completed in 0ms
363 timing idealTree:node_modules/chownr Completed in 0ms
364 timing idealTree:node_modules/depd Completed in 0ms
365 timing idealTree:node_modules/fs-minipass Completed in 0ms
366 timing idealTree:node_modules/http-cache-semantics Completed in 0ms
367 silly placeDep ROOT @tootallnate/once@1.1.2 OK for: http-proxy-agent@4.0.1 want: 1
368 timing idealTree:node_modules/http-proxy-agent Completed in 3ms
369 timing idealTree:node_modules/@tootallnate/once Completed in 0ms
370 timing idealTree:node_modules/humanize-ms Completed in 0ms
371 timing idealTree:node_modules/infer-owner Completed in 0ms
372 timing idealTree:node_modules/is-lambda Completed in 0ms
373 silly placeDep ROOT yallist@4.0.0 OK for: lru-cache@6.0.0 want: ^4.0.0
374 timing idealTree:node_modules/lru-cache Completed in 3ms
375 silly placeDep ROOT brace-expansion@1.1.11 OK for: minimatch@3.1.2 want: ^1.1.7
376 silly fetch manifest balanced-match@^1.0.0
377 silly fetch manifest concat-map@0.0.1
378 http fetch GET 200 https://registry.npmjs.org/concat-map 82ms (cache miss)
379 http fetch GET 200 https://registry.npmjs.org/balanced-match 91ms (cache miss)
380 timing idealTree:node_modules/minimatch Completed in 98ms
381 silly placeDep ROOT balanced-match@1.0.2 OK for: brace-expansion@1.1.11 want: ^1.0.0
382 silly placeDep ROOT concat-map@0.0.1 OK for: brace-expansion@1.1.11 want: 0.0.1
383 timing idealTree:node_modules/brace-expansion Completed in 5ms
384 timing idealTree:node_modules/balanced-match Completed in 0ms
385 timing idealTree:node_modules/concat-map Completed in 0ms
386 timing idealTree:node_modules/minipass Completed in 0ms
387 timing idealTree:node_modules/minipass-collect Completed in 0ms
388 silly placeDep ROOT encoding@0.1.13 OK for: minipass-fetch@1.4.1 want: ^0.1.12
389 silly placeDep ROOT minipass-sized@1.0.3 OK for: minipass-fetch@1.4.1 want: ^1.0.3
390 silly placeDep ROOT minizlib@2.1.2 OK for: minipass-fetch@1.4.1 want: ^2.0.0
391 silly fetch manifest iconv-lite@^0.6.2
392 http fetch GET 200 https://registry.npmjs.org/iconv-lite 81ms (cache miss)
393 timing idealTree:node_modules/minipass-fetch Completed in 93ms
394 silly placeDep ROOT iconv-lite@0.6.3 OK for: encoding@0.1.13 want: ^0.6.2
395 silly fetch manifest safer-buffer@>= 2.1.2 < 3.0.0
396 http fetch GET 200 https://registry.npmjs.org/safer-buffer 75ms (cache miss)
397 timing idealTree:node_modules/encoding Completed in 80ms
398 silly placeDep ROOT safer-buffer@2.1.2 OK for: iconv-lite@0.6.3 want: >= 2.1.2 < 3.0.0
399 timing idealTree:node_modules/iconv-lite Completed in 2ms
400 timing idealTree:node_modules/minipass-flush Completed in 1ms
401 timing idealTree:node_modules/minipass-pipeline Completed in 0ms
402 timing idealTree:node_modules/minipass-sized Completed in 0ms
403 timing idealTree:node_modules/minizlib Completed in 0ms
404 timing idealTree:node_modules/mkdirp Completed in 0ms
405 timing idealTree:node_modules/negotiator Completed in 0ms
406 silly placeDep ROOT abbrev@1.1.1 OK for: nopt@5.0.0 want: 1
407 timing idealTree:node_modules/nopt Completed in 3ms
408 timing idealTree:node_modules/abbrev Completed in 0ms
409 silly placeDep ROOT are-we-there-yet@2.0.0 OK for: npmlog@5.0.1 want: ^2.0.0
410 silly placeDep ROOT console-control-strings@1.1.0 OK for: npmlog@5.0.1 want: ^1.1.0
411 silly placeDep ROOT gauge@3.0.2 OK for: npmlog@5.0.1 want: ^3.0.0
412 silly placeDep ROOT set-blocking@2.0.0 OK for: npmlog@5.0.1 want: ^2.0.0
413 silly fetch manifest delegates@^1.0.0
414 silly fetch manifest readable-stream@^3.6.0
415 silly fetch manifest aproba@^1.0.3 || ^2.0.0
416 silly fetch manifest color-support@^1.1.2
417 silly fetch manifest has-unicode@^2.0.1
418 silly fetch manifest object-assign@^4.1.1
419 silly fetch manifest signal-exit@^3.0.0
420 silly fetch manifest string-width@^4.2.3
421 silly fetch manifest strip-ansi@^6.0.1
422 silly fetch manifest wide-align@^1.1.2
423 http fetch GET 200 https://registry.npmjs.org/readable-stream 146ms (cache miss)
424 http fetch GET 200 https://registry.npmjs.org/aproba 151ms (cache miss)
425 http fetch GET 200 https://registry.npmjs.org/delegates 156ms (cache miss)
426 http fetch GET 200 https://registry.npmjs.org/color-support 152ms (cache miss)
427 http fetch GET 200 https://registry.npmjs.org/object-assign 151ms (cache miss)
428 http fetch GET 200 https://registry.npmjs.org/signal-exit 152ms (cache miss)
429 http fetch GET 200 https://registry.npmjs.org/string-width 153ms (cache miss)
430 http fetch GET 200 https://registry.npmjs.org/strip-ansi 153ms (cache miss)
431 http fetch GET 200 https://registry.npmjs.org/wide-align 154ms (cache miss)
432 http fetch GET 200 https://registry.npmjs.org/has-unicode 163ms (cache miss)
433 timing idealTree:node_modules/npmlog Completed in 181ms
434 silly placeDep ROOT delegates@1.0.0 OK for: are-we-there-yet@2.0.0 want: ^1.0.0
435 silly placeDep ROOT readable-stream@3.6.0 OK for: are-we-there-yet@2.0.0 want: ^3.6.0
436 silly fetch manifest string_decoder@^1.1.1
437 silly fetch manifest util-deprecate@^1.0.1
438 http fetch GET 200 https://registry.npmjs.org/util-deprecate 73ms (cache miss)
439 http fetch GET 200 https://registry.npmjs.org/string_decoder 96ms (cache miss)
440 timing idealTree:node_modules/are-we-there-yet Completed in 104ms
441 timing idealTree:node_modules/console-control-strings Completed in 0ms
442 timing idealTree:node_modules/delegates Completed in 1ms
443 silly placeDep ROOT aproba@2.0.0 OK for: gauge@3.0.2 want: ^1.0.3 || ^2.0.0
444 silly placeDep ROOT color-support@1.1.3 OK for: gauge@3.0.2 want: ^1.1.2
445 silly placeDep ROOT has-unicode@2.0.1 OK for: gauge@3.0.2 want: ^2.0.1
446 silly placeDep ROOT object-assign@4.1.1 OK for: gauge@3.0.2 want: ^4.1.1
447 silly placeDep ROOT signal-exit@3.0.7 OK for: gauge@3.0.2 want: ^3.0.0
448 silly placeDep ROOT string-width@4.2.3 OK for: gauge@3.0.2 want: ^4.2.3
449 silly placeDep ROOT strip-ansi@6.0.1 OK for: gauge@3.0.2 want: ^6.0.1
450 silly placeDep ROOT wide-align@1.1.5 OK for: gauge@3.0.2 want: ^1.1.2
451 silly fetch manifest emoji-regex@^8.0.0
452 silly fetch manifest is-fullwidth-code-point@^3.0.0
453 silly fetch manifest ansi-regex@^5.0.1
454 http fetch GET 200 https://registry.npmjs.org/is-fullwidth-code-point 82ms (cache miss)
455 http fetch GET 200 https://registry.npmjs.org/ansi-regex 85ms (cache miss)
456 http fetch GET 200 https://registry.npmjs.org/emoji-regex 98ms (cache miss)
457 timing idealTree:node_modules/gauge Completed in 117ms
458 timing idealTree:node_modules/aproba Completed in 1ms
459 timing idealTree:node_modules/color-support Completed in 0ms
460 timing idealTree:node_modules/has-unicode Completed in 0ms
461 timing idealTree:node_modules/object-assign Completed in 0ms
462 timing idealTree:node_modules/once Completed in 0ms
463 silly placeDep ROOT aggregate-error@3.1.0 OK for: p-map@4.0.0 want: ^3.0.0
464 silly fetch manifest clean-stack@^2.0.0
465 silly fetch manifest indent-string@^4.0.0
466 http fetch GET 200 https://registry.npmjs.org/indent-string 73ms (cache miss)
467 http fetch GET 200 https://registry.npmjs.org/clean-stack 83ms (cache miss)
468 timing idealTree:node_modules/p-map Completed in 87ms
469 silly placeDep ROOT clean-stack@2.2.0 OK for: aggregate-error@3.1.0 want: ^2.0.0
470 silly placeDep ROOT indent-string@4.0.0 OK for: aggregate-error@3.1.0 want: ^4.0.0
471 timing idealTree:node_modules/aggregate-error Completed in 5ms
472 timing idealTree:node_modules/clean-stack Completed in 0ms
473 timing idealTree:node_modules/indent-string Completed in 0ms
474 timing idealTree:node_modules/path-is-absolute Completed in 0ms
475 timing idealTree:node_modules/promise-inflight Completed in 0ms
476 silly placeDep ROOT err-code@2.0.3 OK for: promise-retry@2.0.1 want: ^2.0.2
477 silly placeDep ROOT retry@0.12.0 OK for: promise-retry@2.0.1 want: ^0.12.0
478 timing idealTree:node_modules/promise-retry Completed in 4ms
479 timing idealTree:node_modules/err-code Completed in 0ms
480 silly placeDep ROOT string_decoder@1.3.0 OK for: readable-stream@3.6.0 want: ^1.1.1
481 silly placeDep ROOT util-deprecate@1.0.2 OK for: readable-stream@3.6.0 want: ^1.0.1
482 silly fetch manifest safe-buffer@~5.2.0
483 http fetch GET 200 https://registry.npmjs.org/safe-buffer 81ms (cache miss)
484 timing idealTree:node_modules/readable-stream Completed in 88ms
485 timing idealTree:node_modules/retry Completed in 0ms
486 timing idealTree:node_modules/rimraf Completed in 1ms
487 timing idealTree:node_modules/safer-buffer Completed in 0ms
488 timing idealTree:node_modules/semver Completed in 0ms
489 timing idealTree:node_modules/set-blocking Completed in 0ms
490 timing idealTree:node_modules/signal-exit Completed in 0ms
491 silly placeDep ROOT socks@2.7.0 OK for: socks-proxy-agent@6.2.1 want: ^2.6.2
492 silly fetch manifest ip@^2.0.0
493 silly fetch manifest smart-buffer@^4.2.0
494 http fetch GET 200 https://registry.npmjs.org/ip 81ms (cache miss)
495 http fetch GET 200 https://registry.npmjs.org/smart-buffer 376ms (cache miss)
496 timing idealTree:node_modules/socks-proxy-agent Completed in 383ms
497 silly placeDep ROOT ip@2.0.0 OK for: socks@2.7.0 want: ^2.0.0
498 silly placeDep ROOT smart-buffer@4.2.0 OK for: socks@2.7.0 want: ^4.2.0
499 timing idealTree:node_modules/socks Completed in 7ms
500 timing idealTree:node_modules/ip Completed in 0ms
501 timing idealTree:node_modules/smart-buffer Completed in 0ms
502 timing idealTree:node_modules/ssri Completed in 0ms
503 silly placeDep ROOT safe-buffer@5.2.1 OK for: string_decoder@1.3.0 want: ~5.2.0
504 timing idealTree:node_modules/string_decoder Completed in 2ms
505 timing idealTree:node_modules/safe-buffer Completed in 1ms
506 silly placeDep ROOT emoji-regex@8.0.0 OK for: string-width@4.2.3 want: ^8.0.0
507 silly placeDep ROOT is-fullwidth-code-point@3.0.0 OK for: string-width@4.2.3 want: ^3.0.0
508 timing idealTree:node_modules/string-width Completed in 5ms
509 timing idealTree:node_modules/emoji-regex Completed in 0ms
510 timing idealTree:node_modules/is-fullwidth-code-point Completed in 0ms
511 silly placeDep ROOT ansi-regex@5.0.1 OK for: strip-ansi@6.0.1 want: ^5.0.1
512 timing idealTree:node_modules/strip-ansi Completed in 2ms
513 timing idealTree:node_modules/ansi-regex Completed in 0ms
514 timing idealTree:node_modules/supports-preserve-symlinks-flag Completed in 0ms
515 timing idealTree:node_modules/tar Completed in 0ms
516 timing idealTree:node_modules/tarn Completed in 0ms
517 timing idealTree:node_modules/tildify Completed in 0ms
518 silly placeDep ROOT unique-slug@2.0.2 OK for: unique-filename@1.1.1 want: ^2.0.0
519 silly fetch manifest imurmurhash@^0.1.4
520 http fetch GET 200 https://registry.npmjs.org/imurmurhash 92ms (cache miss)
521 timing idealTree:node_modules/unique-filename Completed in 97ms
522 silly placeDep ROOT imurmurhash@0.1.4 OK for: unique-slug@2.0.2 want: ^0.1.4
523 timing idealTree:node_modules/unique-slug Completed in 4ms
524 timing idealTree:node_modules/imurmurhash Completed in 0ms
525 timing idealTree:node_modules/util-deprecate Completed in 0ms
526 silly placeDep ROOT tr46@0.0.3 OK for: whatwg-url@5.0.0 want: ~0.0.3
527 silly placeDep ROOT webidl-conversions@3.0.1 OK for: whatwg-url@5.0.0 want: ^3.0.0
528 timing idealTree:node_modules/whatwg-url Completed in 9ms
529 timing idealTree:node_modules/tr46 Completed in 0ms
530 timing idealTree:node_modules/webidl-conversions Completed in 0ms
531 silly placeDep ROOT isexe@2.0.0 OK for: which@2.0.2 want: ^2.0.0
532 timing idealTree:node_modules/which Completed in 4ms
533 timing idealTree:node_modules/isexe Completed in 0ms
534 timing idealTree:node_modules/wide-align Completed in 0ms
535 timing idealTree:node_modules/wrappy Completed in 1ms
536 timing idealTree:node_modules/yallist Completed in 0ms
537 timing idealTree:node_modules/make-dir/node_modules/semver Completed in 0ms
538 silly placeDep node_modules/node-gyp are-we-there-yet@3.0.1 OK for: npmlog@6.0.2 want: ^3.0.0
539 silly placeDep node_modules/node-gyp gauge@4.0.4 OK for: npmlog@6.0.2 want: ^4.0.3
540 timing idealTree:node_modules/node-gyp/node_modules/npmlog Completed in 16ms
541 timing idealTree:node_modules/node-gyp/node_modules/are-we-there-yet Completed in 0ms
542 timing idealTree:node_modules/node-gyp/node_modules/gauge Completed in 0ms
543 timing idealTree:buildDeps Completed in 7117ms
544 timing idealTree:fixDepFlags Completed in 3ms
545 timing idealTree Completed in 7143ms
546 timing reify:loadTrees Completed in 7144ms
547 timing reify:diffTrees Completed in 6ms
548 silly reify moves {}
549 timing reify:retireShallow Completed in 3ms
550 timing reify:createSparse Completed in 105ms
551 timing reify:loadBundles Completed in 0ms
552 silly audit bulk request {
552 silly audit   '@donothing/can-u-build-sqlite3': [ '1.1.2' ],
552 silly audit   knex: [ '2.2.0' ],
552 silly audit   sqlite3: [ '5.0.11' ],
552 silly audit   colorette: [ '2.0.19' ],
552 silly audit   commander: [ '9.4.0' ],
552 silly audit   debug: [ '4.3.4' ],
552 silly audit   escalade: [ '3.1.1' ],
552 silly audit   esm: [ '3.2.25' ],
552 silly audit   'get-package-type': [ '0.1.0' ],
552 silly audit   getopts: [ '2.3.0' ],
552 silly audit   interpret: [ '2.2.0' ],
552 silly audit   lodash: [ '4.17.21' ],
552 silly audit   'pg-connection-string': [ '2.5.0' ],
552 silly audit   rechoir: [ '0.8.0' ],
552 silly audit   'resolve-from': [ '5.0.0' ],
552 silly audit   tarn: [ '3.0.2' ],
552 silly audit   tildify: [ '2.0.0' ],
552 silly audit   ms: [ '2.1.2' ],
552 silly audit   resolve: [ '1.22.1' ],
552 silly audit   'is-core-module': [ '2.10.0' ],
552 silly audit   'path-parse': [ '1.0.7' ],
552 silly audit   'supports-preserve-symlinks-flag': [ '1.0.0' ],
552 silly audit   has: [ '1.0.3' ],
552 silly audit   'function-bind': [ '1.1.1' ],
552 silly audit   '@mapbox/node-pre-gyp': [ '1.0.9' ],
552 silly audit   'node-addon-api': [ '4.3.0' ],
552 silly audit   'node-gyp': [ '8.4.1' ],
552 silly audit   tar: [ '6.1.11' ],
552 silly audit   'detect-libc': [ '2.0.1' ],
552 silly audit   'https-proxy-agent': [ '5.0.1' ],
552 silly audit   'make-dir': [ '3.1.0' ],
552 silly audit   'node-fetch': [ '2.6.7' ],
552 silly audit   nopt: [ '5.0.0' ],
552 silly audit   npmlog: [ '5.0.1', '6.0.2' ],
552 silly audit   rimraf: [ '3.0.2' ],
552 silly audit   semver: [ '7.3.7', '6.3.0' ],
552 silly audit   'agent-base': [ '6.0.2' ],
552 silly audit   'whatwg-url': [ '5.0.0' ],
552 silly audit   'env-paths': [ '2.2.1' ],
552 silly audit   glob: [ '7.2.3' ],
552 silly audit   'graceful-fs': [ '4.2.10' ],
552 silly audit   'make-fetch-happen': [ '9.1.0' ],
552 silly audit   which: [ '2.0.2' ],
552 silly audit   'fs.realpath': [ '1.0.0' ],
552 silly audit   inflight: [ '1.0.6' ],
552 silly audit   inherits: [ '2.0.4' ],
552 silly audit   minimatch: [ '3.1.2' ],
552 silly audit   once: [ '1.4.0' ],
552 silly audit   'path-is-absolute': [ '1.0.1' ],
552 silly audit   wrappy: [ '1.0.2' ],
552 silly audit   agentkeepalive: [ '4.2.1' ],
552 silly audit   cacache: [ '15.3.0' ],
552 silly audit   'http-cache-semantics': [ '4.1.0' ],
552 silly audit   'http-proxy-agent': [ '4.0.1' ],
552 silly audit   'is-lambda': [ '1.0.1' ],
552 silly audit   'lru-cache': [ '6.0.0' ],
552 silly audit   minipass: [ '3.3.4' ],
552 silly audit   'minipass-collect': [ '1.0.2' ],
552 silly audit   'minipass-fetch': [ '1.4.1' ],
552 silly audit   'minipass-flush': [ '1.0.5' ],
552 silly audit   'minipass-pipeline': [ '1.2.4' ],
552 silly audit   negotiator: [ '0.6.3' ],
552 silly audit   'promise-retry': [ '2.0.1' ],
552 silly audit   'socks-proxy-agent': [ '6.2.1' ],
552 silly audit   ssri: [ '8.0.1' ],
552 silly audit   depd: [ '1.1.2' ],
552 silly audit   'humanize-ms': [ '1.2.1' ],
552 silly audit   '@npmcli/fs': [ '1.1.1' ],
552 silly audit   '@npmcli/move-file': [ '1.1.2' ],
552 silly audit   chownr: [ '2.0.0' ],
552 silly audit   'fs-minipass': [ '2.1.0' ],
552 silly audit   'infer-owner': [ '1.0.4' ],
552 silly audit   mkdirp: [ '1.0.4' ],
552 silly audit   'p-map': [ '4.0.0' ],
552 silly audit   'promise-inflight': [ '1.0.1' ],
552 silly audit   'unique-filename': [ '1.1.1' ],
552 silly audit   '@gar/promisify': [ '1.1.3' ],
552 silly audit   '@tootallnate/once': [ '1.1.2' ],
552 silly audit   yallist: [ '4.0.0' ],
552 silly audit   'brace-expansion': [ '1.1.11' ],
552 silly audit   'balanced-match': [ '1.0.2' ],
552 silly audit   'concat-map': [ '0.0.1' ],
552 silly audit   encoding: [ '0.1.13' ],
552 silly audit   'minipass-sized': [ '1.0.3' ],
552 silly audit   minizlib: [ '2.1.2' ],
552 silly audit   'iconv-lite': [ '0.6.3' ],
552 silly audit   'safer-buffer': [ '2.1.2' ],
552 silly audit   abbrev: [ '1.1.1' ],
552 silly audit   'are-we-there-yet': [ '2.0.0', '3.0.1' ],
552 silly audit   'console-control-strings': [ '1.1.0' ],
552 silly audit   gauge: [ '3.0.2', '4.0.4' ],
552 silly audit   'set-blocking': [ '2.0.0' ],
552 silly audit   delegates: [ '1.0.0' ],
552 silly audit   'readable-stream': [ '3.6.0' ],
552 silly audit   aproba: [ '2.0.0' ],
552 silly audit   'color-support': [ '1.1.3' ],
552 silly audit   'has-unicode': [ '2.0.1' ],
552 silly audit   'object-assign': [ '4.1.1' ],
552 silly audit   'signal-exit': [ '3.0.7' ],
552 silly audit   'string-width': [ '4.2.3' ],
552 silly audit   'strip-ansi': [ '6.0.1' ],
552 silly audit   'wide-align': [ '1.1.5' ],
552 silly audit   'aggregate-error': [ '3.1.0' ],
552 silly audit   'clean-stack': [ '2.2.0' ],
552 silly audit   'indent-string': [ '4.0.0' ],
552 silly audit   'err-code': [ '2.0.3' ],
552 silly audit   retry: [ '0.12.0' ],
552 silly audit   string_decoder: [ '1.3.0' ],
552 silly audit   'util-deprecate': [ '1.0.2' ],
552 silly audit   socks: [ '2.7.0' ],
552 silly audit   ip: [ '2.0.0' ],
552 silly audit   'smart-buffer': [ '4.2.0' ],
552 silly audit   'safe-buffer': [ '5.2.1' ],
552 silly audit   'emoji-regex': [ '8.0.0' ],
552 silly audit   'is-fullwidth-code-point': [ '3.0.0' ],
552 silly audit   'ansi-regex': [ '5.0.1' ],
552 silly audit   'unique-slug': [ '2.0.2' ],
552 silly audit   imurmurhash: [ '0.1.4' ],
552 silly audit   tr46: [ '0.0.3' ],
552 silly audit   'webidl-conversions': [ '3.0.1' ],
552 silly audit   isexe: [ '2.0.0' ]
552 silly audit }
553 silly tarball no local data for isexe@https://registry.npmjs.org/isexe/-/isexe-2.0.0.tgz. Extracting by manifest.
554 silly tarball no local data for webidl-conversions@https://registry.npmjs.org/webidl-conversions/-/webidl-conversions-3.0.1.tgz. Extracting by manifest.
555 silly tarball no local data for tr46@https://registry.npmjs.org/tr46/-/tr46-0.0.3.tgz. Extracting by manifest.
556 silly tarball no local data for imurmurhash@https://registry.npmjs.org/imurmurhash/-/imurmurhash-0.1.4.tgz. Extracting by manifest.
557 silly tarball no local data for unique-slug@https://registry.npmjs.org/unique-slug/-/unique-slug-2.0.2.tgz. Extracting by manifest.
558 silly tarball no local data for ansi-regex@https://registry.npmjs.org/ansi-regex/-/ansi-regex-5.0.1.tgz. Extracting by manifest.
559 silly tarball no local data for is-fullwidth-code-point@https://registry.npmjs.org/is-fullwidth-code-point/-/is-fullwidth-code-point-3.0.0.tgz. Extracting by manifest.
560 silly tarball no local data for safe-buffer@https://registry.npmjs.org/safe-buffer/-/safe-buffer-5.2.1.tgz. Extracting by manifest.
561 silly tarball no local data for emoji-regex@https://registry.npmjs.org/emoji-regex/-/emoji-regex-8.0.0.tgz. Extracting by manifest.
562 silly tarball no local data for smart-buffer@https://registry.npmjs.org/smart-buffer/-/smart-buffer-4.2.0.tgz. Extracting by manifest.
563 silly tarball no local data for socks@https://registry.npmjs.org/socks/-/socks-2.7.0.tgz. Extracting by manifest.
564 silly tarball no local data for util-deprecate@https://registry.npmjs.org/util-deprecate/-/util-deprecate-1.0.2.tgz. Extracting by manifest.
565 silly tarball no local data for ip@https://registry.npmjs.org/ip/-/ip-2.0.0.tgz. Extracting by manifest.
566 silly tarball no local data for string_decoder@https://registry.npmjs.org/string_decoder/-/string_decoder-1.3.0.tgz. Extracting by manifest.
567 silly tarball no local data for retry@https://registry.npmjs.org/retry/-/retry-0.12.0.tgz. Extracting by manifest.
568 silly tarball no local data for indent-string@https://registry.npmjs.org/indent-string/-/indent-string-4.0.0.tgz. Extracting by manifest.
569 silly tarball no local data for clean-stack@https://registry.npmjs.org/clean-stack/-/clean-stack-2.2.0.tgz. Extracting by manifest.
570 silly tarball no local data for aggregate-error@https://registry.npmjs.org/aggregate-error/-/aggregate-error-3.1.0.tgz. Extracting by manifest.
571 silly tarball no local data for wide-align@https://registry.npmjs.org/wide-align/-/wide-align-1.1.5.tgz. Extracting by manifest.
572 silly tarball no local data for strip-ansi@https://registry.npmjs.org/strip-ansi/-/strip-ansi-6.0.1.tgz. Extracting by manifest.
573 silly tarball no local data for string-width@https://registry.npmjs.org/string-width/-/string-width-4.2.3.tgz. Extracting by manifest.
574 silly tarball no local data for signal-exit@https://registry.npmjs.org/signal-exit/-/signal-exit-3.0.7.tgz. Extracting by manifest.
575 silly tarball no local data for object-assign@https://registry.npmjs.org/object-assign/-/object-assign-4.1.1.tgz. Extracting by manifest.
576 silly tarball no local data for has-unicode@https://registry.npmjs.org/has-unicode/-/has-unicode-2.0.1.tgz. Extracting by manifest.
577 silly tarball no local data for color-support@https://registry.npmjs.org/color-support/-/color-support-1.1.3.tgz. Extracting by manifest.
578 silly tarball no local data for readable-stream@https://registry.npmjs.org/readable-stream/-/readable-stream-3.6.0.tgz. Extracting by manifest.
579 silly tarball no local data for aproba@https://registry.npmjs.org/aproba/-/aproba-2.0.0.tgz. Extracting by manifest.
580 silly tarball no local data for delegates@https://registry.npmjs.org/delegates/-/delegates-1.0.0.tgz. Extracting by manifest.
581 silly tarball no local data for set-blocking@https://registry.npmjs.org/set-blocking/-/set-blocking-2.0.0.tgz. Extracting by manifest.
582 silly tarball no local data for gauge@https://registry.npmjs.org/gauge/-/gauge-3.0.2.tgz. Extracting by manifest.
583 silly tarball no local data for console-control-strings@https://registry.npmjs.org/console-control-strings/-/console-control-strings-1.1.0.tgz. Extracting by manifest.
584 silly tarball no local data for are-we-there-yet@https://registry.npmjs.org/are-we-there-yet/-/are-we-there-yet-2.0.0.tgz. Extracting by manifest.
585 silly tarball no local data for abbrev@https://registry.npmjs.org/abbrev/-/abbrev-1.1.1.tgz. Extracting by manifest.
586 silly tarball no local data for iconv-lite@https://registry.npmjs.org/iconv-lite/-/iconv-lite-0.6.3.tgz. Extracting by manifest.
587 silly tarball no local data for safer-buffer@https://registry.npmjs.org/safer-buffer/-/safer-buffer-2.1.2.tgz. Extracting by manifest.
588 silly tarball no local data for minizlib@https://registry.npmjs.org/minizlib/-/minizlib-2.1.2.tgz. Extracting by manifest.
589 silly tarball no local data for minipass-sized@https://registry.npmjs.org/minipass-sized/-/minipass-sized-1.0.3.tgz. Extracting by manifest.
590 silly tarball no local data for concat-map@https://registry.npmjs.org/concat-map/-/concat-map-0.0.1.tgz. Extracting by manifest.
591 silly tarball no local data for encoding@https://registry.npmjs.org/encoding/-/encoding-0.1.13.tgz. Extracting by manifest.
592 silly tarball no local data for balanced-match@https://registry.npmjs.org/balanced-match/-/balanced-match-1.0.2.tgz. Extracting by manifest.
593 silly tarball no local data for brace-expansion@https://registry.npmjs.org/brace-expansion/-/brace-expansion-1.1.11.tgz. Extracting by manifest.
594 silly tarball no local data for @tootallnate/once@https://registry.npmjs.org/@tootallnate/once/-/once-1.1.2.tgz. Extracting by manifest.
595 silly tarball no local data for @gar/promisify@https://registry.npmjs.org/@gar/promisify/-/promisify-1.1.3.tgz. Extracting by manifest.
596 silly tarball no local data for unique-filename@https://registry.npmjs.org/unique-filename/-/unique-filename-1.1.1.tgz. Extracting by manifest.
597 silly tarball no local data for yallist@https://registry.npmjs.org/yallist/-/yallist-4.0.0.tgz. Extracting by manifest.
598 silly tarball no local data for promise-inflight@https://registry.npmjs.org/promise-inflight/-/promise-inflight-1.0.1.tgz. Extracting by manifest.
599 silly tarball no local data for p-map@https://registry.npmjs.org/p-map/-/p-map-4.0.0.tgz. Extracting by manifest.
600 silly tarball no local data for err-code@https://registry.npmjs.org/err-code/-/err-code-2.0.3.tgz. Extracting by manifest.
601 silly tarball no local data for fs-minipass@https://registry.npmjs.org/fs-minipass/-/fs-minipass-2.1.0.tgz. Extracting by manifest.
602 silly tarball no local data for mkdirp@https://registry.npmjs.org/mkdirp/-/mkdirp-1.0.4.tgz. Extracting by manifest.
603 silly tarball no local data for infer-owner@https://registry.npmjs.org/infer-owner/-/infer-owner-1.0.4.tgz. Extracting by manifest.
604 silly tarball no local data for chownr@https://registry.npmjs.org/chownr/-/chownr-2.0.0.tgz. Extracting by manifest.
605 silly tarball no local data for humanize-ms@https://registry.npmjs.org/humanize-ms/-/humanize-ms-1.2.1.tgz. Extracting by manifest.
606 silly tarball no local data for depd@https://registry.npmjs.org/depd/-/depd-1.1.2.tgz. Extracting by manifest.
607 silly tarball no local data for @npmcli/move-file@https://registry.npmjs.org/@npmcli/move-file/-/move-file-1.1.2.tgz. Extracting by manifest.
608 silly tarball no local data for ssri@https://registry.npmjs.org/ssri/-/ssri-8.0.1.tgz. Extracting by manifest.
609 silly tarball no local data for promise-retry@https://registry.npmjs.org/promise-retry/-/promise-retry-2.0.1.tgz. Extracting by manifest.
610 silly tarball no local data for negotiator@https://registry.npmjs.org/negotiator/-/negotiator-0.6.3.tgz. Extracting by manifest.
611 silly tarball no local data for minipass-pipeline@https://registry.npmjs.org/minipass-pipeline/-/minipass-pipeline-1.2.4.tgz. Extracting by manifest.
612 silly tarball no local data for minipass-flush@https://registry.npmjs.org/minipass-flush/-/minipass-flush-1.0.5.tgz. Extracting by manifest.
613 silly tarball no local data for socks-proxy-agent@https://registry.npmjs.org/socks-proxy-agent/-/socks-proxy-agent-6.2.1.tgz. Extracting by manifest.
614 silly tarball no local data for @npmcli/fs@https://registry.npmjs.org/@npmcli/fs/-/fs-1.1.1.tgz. Extracting by manifest.
615 silly tarball no local data for minipass-fetch@https://registry.npmjs.org/minipass-fetch/-/minipass-fetch-1.4.1.tgz. Extracting by manifest.
616 silly tarball no local data for minipass-collect@https://registry.npmjs.org/minipass-collect/-/minipass-collect-1.0.2.tgz. Extracting by manifest.
617 silly tarball no local data for minipass@https://registry.npmjs.org/minipass/-/minipass-3.3.4.tgz. Extracting by manifest.
618 silly tarball no local data for http-proxy-agent@https://registry.npmjs.org/http-proxy-agent/-/http-proxy-agent-4.0.1.tgz. Extracting by manifest.
619 silly tarball no local data for lru-cache@https://registry.npmjs.org/lru-cache/-/lru-cache-6.0.0.tgz. Extracting by manifest.
620 silly tarball no local data for is-lambda@https://registry.npmjs.org/is-lambda/-/is-lambda-1.0.1.tgz. Extracting by manifest.
621 silly tarball no local data for http-cache-semantics@https://registry.npmjs.org/http-cache-semantics/-/http-cache-semantics-4.1.0.tgz. Extracting by manifest.
622 silly tarball no local data for agentkeepalive@https://registry.npmjs.org/agentkeepalive/-/agentkeepalive-4.2.1.tgz. Extracting by manifest.
623 silly tarball no local data for path-is-absolute@https://registry.npmjs.org/path-is-absolute/-/path-is-absolute-1.0.1.tgz. Extracting by manifest.
624 silly tarball no local data for wrappy@https://registry.npmjs.org/wrappy/-/wrappy-1.0.2.tgz. Extracting by manifest.
625 silly tarball no local data for once@https://registry.npmjs.org/once/-/once-1.4.0.tgz. Extracting by manifest.
626 silly tarball no local data for minimatch@https://registry.npmjs.org/minimatch/-/minimatch-3.1.2.tgz. Extracting by manifest.
627 silly tarball no local data for cacache@https://registry.npmjs.org/cacache/-/cacache-15.3.0.tgz. Extracting by manifest.
628 silly tarball no local data for inflight@https://registry.npmjs.org/inflight/-/inflight-1.0.6.tgz. Extracting by manifest.
629 silly tarball no local data for inherits@https://registry.npmjs.org/inherits/-/inherits-2.0.4.tgz. Extracting by manifest.
630 silly tarball no local data for fs.realpath@https://registry.npmjs.org/fs.realpath/-/fs.realpath-1.0.0.tgz. Extracting by manifest.
631 silly tarball no local data for which@https://registry.npmjs.org/which/-/which-2.0.2.tgz. Extracting by manifest.
632 silly tarball no local data for glob@https://registry.npmjs.org/glob/-/glob-7.2.3.tgz. Extracting by manifest.
633 silly tarball no local data for agent-base@https://registry.npmjs.org/agent-base/-/agent-base-6.0.2.tgz. Extracting by manifest.
634 silly tarball no local data for graceful-fs@https://registry.npmjs.org/graceful-fs/-/graceful-fs-4.2.10.tgz. Extracting by manifest.
635 silly tarball no local data for make-fetch-happen@https://registry.npmjs.org/make-fetch-happen/-/make-fetch-happen-9.1.0.tgz. Extracting by manifest.
636 silly tarball no local data for whatwg-url@https://registry.npmjs.org/whatwg-url/-/whatwg-url-5.0.0.tgz. Extracting by manifest.
637 silly tarball no local data for env-paths@https://registry.npmjs.org/env-paths/-/env-paths-2.2.1.tgz. Extracting by manifest.
638 silly tarball no local data for semver@https://registry.npmjs.org/semver/-/semver-7.3.7.tgz. Extracting by manifest.
639 silly tarball no local data for npmlog@https://registry.npmjs.org/npmlog/-/npmlog-5.0.1.tgz. Extracting by manifest.
640 silly tarball no local data for rimraf@https://registry.npmjs.org/rimraf/-/rimraf-3.0.2.tgz. Extracting by manifest.
641 silly tarball no local data for node-fetch@https://registry.npmjs.org/node-fetch/-/node-fetch-2.6.7.tgz. Extracting by manifest.
642 silly tarball no local data for nopt@https://registry.npmjs.org/nopt/-/nopt-5.0.0.tgz. Extracting by manifest.
643 silly tarball no local data for make-dir@https://registry.npmjs.org/make-dir/-/make-dir-3.1.0.tgz. Extracting by manifest.
644 silly tarball no local data for detect-libc@https://registry.npmjs.org/detect-libc/-/detect-libc-2.0.1.tgz. Extracting by manifest.
645 silly tarball no local data for tar@https://registry.npmjs.org/tar/-/tar-6.1.11.tgz. Extracting by manifest.
646 silly tarball no local data for https-proxy-agent@https://registry.npmjs.org/https-proxy-agent/-/https-proxy-agent-5.0.1.tgz. Extracting by manifest.
647 silly tarball no local data for node-gyp@https://registry.npmjs.org/node-gyp/-/node-gyp-8.4.1.tgz. Extracting by manifest.
648 silly tarball no local data for node-addon-api@https://registry.npmjs.org/node-addon-api/-/node-addon-api-4.3.0.tgz. Extracting by manifest.
649 silly tarball no local data for @mapbox/node-pre-gyp@https://registry.npmjs.org/@mapbox/node-pre-gyp/-/node-pre-gyp-1.0.9.tgz. Extracting by manifest.
650 silly tarball no local data for function-bind@https://registry.npmjs.org/function-bind/-/function-bind-1.1.1.tgz. Extracting by manifest.
651 silly tarball no local data for supports-preserve-symlinks-flag@https://registry.npmjs.org/supports-preserve-symlinks-flag/-/supports-preserve-symlinks-flag-1.0.0.tgz. Extracting by manifest.
652 silly tarball no local data for has@https://registry.npmjs.org/has/-/has-1.0.3.tgz. Extracting by manifest.
653 silly tarball no local data for path-parse@https://registry.npmjs.org/path-parse/-/path-parse-1.0.7.tgz. Extracting by manifest.
654 silly tarball no local data for is-core-module@https://registry.npmjs.org/is-core-module/-/is-core-module-2.10.0.tgz. Extracting by manifest.
655 silly tarball no local data for resolve@https://registry.npmjs.org/resolve/-/resolve-1.22.1.tgz. Extracting by manifest.
656 silly tarball no local data for ms@https://registry.npmjs.org/ms/-/ms-2.1.2.tgz. Extracting by manifest.
657 silly tarball no local data for tildify@https://registry.npmjs.org/tildify/-/tildify-2.0.0.tgz. Extracting by manifest.
658 silly tarball no local data for resolve-from@https://registry.npmjs.org/resolve-from/-/resolve-from-5.0.0.tgz. Extracting by manifest.
659 silly tarball no local data for tarn@https://registry.npmjs.org/tarn/-/tarn-3.0.2.tgz. Extracting by manifest.
660 silly tarball no local data for lodash@https://registry.npmjs.org/lodash/-/lodash-4.17.21.tgz. Extracting by manifest.
661 silly tarball no local data for rechoir@https://registry.npmjs.org/rechoir/-/rechoir-0.8.0.tgz. Extracting by manifest.
662 silly tarball no local data for interpret@https://registry.npmjs.org/interpret/-/interpret-2.2.0.tgz. Extracting by manifest.
663 silly tarball no local data for getopts@https://registry.npmjs.org/getopts/-/getopts-2.3.0.tgz. Extracting by manifest.
664 silly tarball no local data for commander@https://registry.npmjs.org/commander/-/commander-9.4.0.tgz. Extracting by manifest.
665 silly tarball no local data for pg-connection-string@https://registry.npmjs.org/pg-connection-string/-/pg-connection-string-2.5.0.tgz. Extracting by manifest.
666 silly tarball no local data for get-package-type@https://registry.npmjs.org/get-package-type/-/get-package-type-0.1.0.tgz. Extracting by manifest.
667 silly tarball no local data for esm@https://registry.npmjs.org/esm/-/esm-3.2.25.tgz. Extracting by manifest.
668 silly tarball no local data for colorette@https://registry.npmjs.org/colorette/-/colorette-2.0.19.tgz. Extracting by manifest.
669 silly tarball no local data for escalade@https://registry.npmjs.org/escalade/-/escalade-3.1.1.tgz. Extracting by manifest.
670 silly tarball no local data for sqlite3@https://registry.npmjs.org/sqlite3/-/sqlite3-5.0.11.tgz. Extracting by manifest.
671 silly tarball no local data for debug@https://registry.npmjs.org/debug/-/debug-4.3.4.tgz. Extracting by manifest.
672 silly tarball no local data for @donothing/can-u-build-sqlite3@https://registry.npmjs.org/@donothing/can-u-build-sqlite3/-/can-u-build-sqlite3-1.1.2.tgz. Extracting by manifest.
673 silly tarball no local data for knex@https://registry.npmjs.org/knex/-/knex-2.2.0.tgz. Extracting by manifest.
674 silly tarball no local data for gauge@https://registry.npmjs.org/gauge/-/gauge-4.0.4.tgz. Extracting by manifest.
675 silly tarball no local data for are-we-there-yet@https://registry.npmjs.org/are-we-there-yet/-/are-we-there-yet-3.0.1.tgz. Extracting by manifest.
676 silly tarball no local data for semver@https://registry.npmjs.org/semver/-/semver-6.3.0.tgz. Extracting by manifest.
677 silly tarball no local data for npmlog@https://registry.npmjs.org/npmlog/-/npmlog-6.0.2.tgz. Extracting by manifest.
678 http fetch POST 200 https://registry.npmjs.org/-/npm/v1/security/advisories/bulk 571ms
679 timing auditReport:getReport Completed in 576ms
680 silly audit report {}
681 timing auditReport:init Completed in 0ms
682 timing reify:audit Completed in 577ms
683 http fetch GET 200 https://registry.npmjs.org/safe-buffer/-/safe-buffer-5.2.1.tgz 1101ms (cache miss)
684 timing reifyNode:node_modules/safe-buffer Completed in 1223ms
685 http fetch GET 200 https://registry.npmjs.org/ansi-regex/-/ansi-regex-5.0.1.tgz 1146ms (cache miss)
686 timing reifyNode:node_modules/ansi-regex Completed in 1268ms
687 http fetch GET 200 https://registry.npmjs.org/imurmurhash/-/imurmurhash-0.1.4.tgz 1149ms (cache miss)
688 timing reifyNode:node_modules/imurmurhash Completed in 1269ms
689 http fetch GET 200 https://registry.npmjs.org/unique-slug/-/unique-slug-2.0.2.tgz 1213ms (cache miss)
690 timing reifyNode:node_modules/unique-slug Completed in 1335ms
691 http fetch GET 200 https://registry.npmjs.org/color-support/-/color-support-1.1.3.tgz 1192ms (cache miss)
692 timing reifyNode:node_modules/color-support Completed in 1334ms
693 http fetch GET 200 https://registry.npmjs.org/webidl-conversions/-/webidl-conversions-3.0.1.tgz 1219ms (cache miss)
694 timing reifyNode:node_modules/webidl-conversions Completed in 1339ms
695 http fetch GET 200 https://registry.npmjs.org/object-assign/-/object-assign-4.1.1.tgz 1197ms (cache miss)
696 timing reifyNode:node_modules/object-assign Completed in 1338ms
697 http fetch GET 200 https://registry.npmjs.org/promise-inflight/-/promise-inflight-1.0.1.tgz 1208ms (cache miss)
698 timing reifyNode:node_modules/promise-inflight Completed in 1407ms
699 http fetch GET 200 https://registry.npmjs.org/indent-string/-/indent-string-4.0.0.tgz 1282ms (cache miss)
700 timing reifyNode:node_modules/indent-string Completed in 1415ms
701 http fetch GET 200 https://registry.npmjs.org/abbrev/-/abbrev-1.1.1.tgz 1264ms (cache miss)
702 timing reifyNode:node_modules/abbrev Completed in 1421ms
703 http fetch GET 200 https://registry.npmjs.org/clean-stack/-/clean-stack-2.2.0.tgz 1341ms (cache miss)
704 timing reifyNode:node_modules/clean-stack Completed in 1475ms
705 http fetch GET 200 https://registry.npmjs.org/strip-ansi/-/strip-ansi-6.0.1.tgz 1339ms (cache miss)
706 timing reifyNode:node_modules/strip-ansi Completed in 1476ms
707 http fetch GET 200 https://registry.npmjs.org/string-width/-/string-width-4.2.3.tgz 1338ms (cache miss)
708 timing reifyNode:node_modules/string-width Completed in 1477ms
709 http fetch GET 200 https://registry.npmjs.org/is-fullwidth-code-point/-/is-fullwidth-code-point-3.0.0.tgz 1356ms (cache miss)
710 timing reifyNode:node_modules/is-fullwidth-code-point Completed in 1478ms
711 http fetch GET 200 https://registry.npmjs.org/util-deprecate/-/util-deprecate-1.0.2.tgz 1401ms (cache miss)
712 timing reifyNode:node_modules/util-deprecate Completed in 1528ms
713 http fetch GET 200 https://registry.npmjs.org/ip/-/ip-2.0.0.tgz 1401ms (cache miss)
714 timing reifyNode:node_modules/ip Completed in 1528ms
715 http fetch GET 200 https://registry.npmjs.org/signal-exit/-/signal-exit-3.0.7.tgz 1392ms (cache miss)
716 timing reifyNode:node_modules/signal-exit Completed in 1532ms
717 http fetch GET 200 https://registry.npmjs.org/wide-align/-/wide-align-1.1.5.tgz 1397ms (cache miss)
718 timing reifyNode:node_modules/wide-align Completed in 1533ms
719 http fetch GET 200 https://registry.npmjs.org/set-blocking/-/set-blocking-2.0.0.tgz 1380ms (cache miss)
720 timing reifyNode:node_modules/set-blocking Completed in 1532ms
721 http fetch GET 200 https://registry.npmjs.org/has-unicode/-/has-unicode-2.0.1.tgz 1392ms (cache miss)
722 timing reifyNode:node_modules/has-unicode Completed in 1533ms
723 http fetch GET 200 https://registry.npmjs.org/isexe/-/isexe-2.0.0.tgz 1419ms (cache miss)
724 timing reifyNode:node_modules/isexe Completed in 1536ms
725 http fetch GET 200 https://registry.npmjs.org/emoji-regex/-/emoji-regex-8.0.0.tgz 1412ms (cache miss)
726 timing reifyNode:node_modules/emoji-regex Completed in 1535ms
727 http fetch GET 200 https://registry.npmjs.org/console-control-strings/-/console-control-strings-1.1.0.tgz 1380ms (cache miss)
728 timing reifyNode:node_modules/console-control-strings Completed in 1535ms
729 http fetch GET 200 https://registry.npmjs.org/are-we-there-yet/-/are-we-there-yet-2.0.0.tgz 1379ms (cache miss)
730 timing reifyNode:node_modules/are-we-there-yet Completed in 1535ms
731 http fetch GET 200 https://registry.npmjs.org/encoding/-/encoding-0.1.13.tgz 1384ms (cache miss)
732 timing reifyNode:node_modules/encoding Completed in 1563ms
733 http fetch GET 200 https://registry.npmjs.org/unique-filename/-/unique-filename-1.1.1.tgz 1374ms (cache miss)
734 http fetch GET 200 https://registry.npmjs.org/yallist/-/yallist-4.0.0.tgz 1372ms (cache miss)
735 timing reifyNode:node_modules/yallist Completed in 1565ms
736 http fetch GET 200 https://registry.npmjs.org/brace-expansion/-/brace-expansion-1.1.11.tgz 1381ms (cache miss)
737 timing reifyNode:node_modules/brace-expansion Completed in 1565ms
738 http fetch GET 200 https://registry.npmjs.org/err-code/-/err-code-2.0.3.tgz 1363ms (cache miss)
739 timing reifyNode:node_modules/err-code Completed in 1567ms
740 http fetch GET 200 https://registry.npmjs.org/humanize-ms/-/humanize-ms-1.2.1.tgz 1353ms (cache miss)
741 timing reifyNode:node_modules/humanize-ms Completed in 1565ms
742 http fetch GET 200 https://registry.npmjs.org/string_decoder/-/string_decoder-1.3.0.tgz 1441ms (cache miss)
743 timing reifyNode:node_modules/string_decoder Completed in 1568ms
744 http fetch GET 200 https://registry.npmjs.org/@npmcli/move-file/-/move-file-1.1.2.tgz 1341ms (cache miss)
745 timing reifyNode:node_modules/@npmcli/move-file Completed in 1566ms
746 http fetch GET 200 https://registry.npmjs.org/aggregate-error/-/aggregate-error-3.1.0.tgz 1434ms (cache miss)
747 timing reifyNode:node_modules/aggregate-error Completed in 1569ms
748 http fetch GET 200 https://registry.npmjs.org/retry/-/retry-0.12.0.tgz 1442ms (cache miss)
749 http fetch GET 200 https://registry.npmjs.org/minipass-flush/-/minipass-flush-1.0.5.tgz 1347ms (cache miss)
750 timing reifyNode:node_modules/minipass-flush Completed in 1588ms
751 http fetch GET 200 https://registry.npmjs.org/chownr/-/chownr-2.0.0.tgz 1379ms (cache miss)
752 timing reifyNode:node_modules/chownr Completed in 1589ms
753 http fetch GET 200 https://registry.npmjs.org/minipass/-/minipass-3.3.4.tgz 1336ms (cache miss)
754 timing reifyNode:node_modules/minipass Completed in 1589ms
755 http fetch GET 200 https://registry.npmjs.org/minipass-sized/-/minipass-sized-1.0.3.tgz 1418ms (cache miss)
756 timing reifyNode:node_modules/minipass-sized Completed in 1593ms
757 http fetch GET 200 https://registry.npmjs.org/fs-minipass/-/fs-minipass-2.1.0.tgz 1388ms (cache miss)
758 timing reifyNode:node_modules/fs-minipass Completed in 1593ms
759 http fetch GET 200 https://registry.npmjs.org/tr46/-/tr46-0.0.3.tgz 1480ms (cache miss)
760 http fetch GET 200 https://registry.npmjs.org/safer-buffer/-/safer-buffer-2.1.2.tgz 1459ms (cache miss)
761 timing reifyNode:node_modules/safer-buffer Completed in 1619ms
762 http fetch GET 200 https://registry.npmjs.org/infer-owner/-/infer-owner-1.0.4.tgz 1413ms (cache miss)
763 timing reifyNode:node_modules/infer-owner Completed in 1621ms
764 http fetch GET 200 https://registry.npmjs.org/@gar/promisify/-/promisify-1.1.3.tgz 1434ms (cache miss)
765 timing reifyNode:node_modules/@gar/promisify Completed in 1622ms
766 http fetch GET 200 https://registry.npmjs.org/aproba/-/aproba-2.0.0.tgz 1476ms (cache miss)
767 timing reifyNode:node_modules/aproba Completed in 1624ms
768 http fetch GET 200 https://registry.npmjs.org/delegates/-/delegates-1.0.0.tgz 1475ms (cache miss)
769 timing reifyNode:node_modules/delegates Completed in 1624ms
770 http fetch GET 200 https://registry.npmjs.org/is-lambda/-/is-lambda-1.0.1.tgz 1363ms (cache miss)
771 timing reifyNode:node_modules/is-lambda Completed in 1624ms
772 http fetch GET 200 https://registry.npmjs.org/balanced-match/-/balanced-match-1.0.2.tgz 1465ms (cache miss)
773 timing reifyNode:node_modules/balanced-match Completed in 1647ms
774 http fetch GET 200 https://registry.npmjs.org/concat-map/-/concat-map-0.0.1.tgz 1470ms (cache miss)
775 timing reifyNode:node_modules/concat-map Completed in 1647ms
776 http fetch GET 200 https://registry.npmjs.org/minipass-pipeline/-/minipass-pipeline-1.2.4.tgz 1410ms (cache miss)
777 timing reifyNode:node_modules/minipass-pipeline Completed in 1646ms
778 timing reifyNode:node_modules/retry Completed in 1649ms
779 http fetch GET 200 https://registry.npmjs.org/negotiator/-/negotiator-0.6.3.tgz 1428ms (cache miss)
780 timing reifyNode:node_modules/negotiator Completed in 1663ms
781 http fetch GET 200 https://registry.npmjs.org/promise-retry/-/promise-retry-2.0.1.tgz 1432ms (cache miss)
782 timing reifyNode:node_modules/promise-retry Completed in 1663ms
783 http fetch GET 200 https://registry.npmjs.org/minizlib/-/minizlib-2.1.2.tgz 1492ms (cache miss)
784 timing reifyNode:node_modules/minizlib Completed in 1665ms
785 http fetch GET 200 https://registry.npmjs.org/minipass-collect/-/minipass-collect-1.0.2.tgz 1413ms (cache miss)
786 timing reifyNode:node_modules/minipass-collect Completed in 1664ms
787 http fetch GET 200 https://registry.npmjs.org/p-map/-/p-map-4.0.0.tgz 1469ms (cache miss)
788 timing reifyNode:node_modules/p-map Completed in 1668ms
789 timing reifyNode:node_modules/tr46 Completed in 1673ms
790 http fetch GET 200 https://registry.npmjs.org/inherits/-/inherits-2.0.4.tgz 1373ms (cache miss)
791 timing reifyNode:node_modules/inherits Completed in 1670ms
792 http fetch GET 200 https://registry.npmjs.org/inflight/-/inflight-1.0.6.tgz 1375ms (cache miss)
793 timing reifyNode:node_modules/inflight Completed in 1670ms
794 http fetch GET 200 https://registry.npmjs.org/socks-proxy-agent/-/socks-proxy-agent-6.2.1.tgz 1444ms (cache miss)
795 timing reifyNode:node_modules/socks-proxy-agent Completed in 1687ms
796 http fetch GET 200 https://registry.npmjs.org/mkdirp/-/mkdirp-1.0.4.tgz 1482ms (cache miss)
797 timing reifyNode:node_modules/mkdirp Completed in 1688ms
798 http fetch GET 200 https://registry.npmjs.org/agent-base/-/agent-base-6.0.2.tgz 1380ms (cache miss)
799 http fetch GET 200 https://registry.npmjs.org/@tootallnate/once/-/once-1.1.2.tgz 1520ms (cache miss)
800 timing reifyNode:node_modules/@tootallnate/once Completed in 1706ms
801 http fetch GET 200 https://registry.npmjs.org/gauge/-/gauge-3.0.2.tgz 1554ms (cache miss)
802 http fetch GET 200 https://registry.npmjs.org/http-proxy-agent/-/http-proxy-agent-4.0.1.tgz 1450ms (cache miss)
803 timing reifyNode:node_modules/http-proxy-agent Completed in 1705ms
804 http fetch GET 200 https://registry.npmjs.org/lru-cache/-/lru-cache-6.0.0.tgz 1449ms (cache miss)
805 timing reifyNode:node_modules/lru-cache Completed in 1706ms
806 http fetch GET 200 https://registry.npmjs.org/once/-/once-1.4.0.tgz 1433ms (cache miss)
807 timing reifyNode:node_modules/once Completed in 1706ms
808 http fetch GET 200 https://registry.npmjs.org/path-is-absolute/-/path-is-absolute-1.0.1.tgz 1437ms (cache miss)
809 timing reifyNode:node_modules/path-is-absolute Completed in 1706ms
810 http fetch GET 200 https://registry.npmjs.org/minimatch/-/minimatch-3.1.2.tgz 1431ms (cache miss)
811 timing reifyNode:node_modules/minimatch Completed in 1707ms
812 http fetch GET 200 https://registry.npmjs.org/ssri/-/ssri-8.0.1.tgz 1492ms (cache miss)
813 timing reifyNode:node_modules/ssri Completed in 1720ms
814 http fetch GET 200 https://registry.npmjs.org/@npmcli/fs/-/fs-1.1.1.tgz 1473ms (cache miss)
815 http fetch GET 200 https://registry.npmjs.org/minipass-fetch/-/minipass-fetch-1.4.1.tgz 1470ms (cache miss)
816 timing reifyNode:node_modules/minipass-fetch Completed in 1719ms
817 http fetch GET 200 https://registry.npmjs.org/fs.realpath/-/fs.realpath-1.0.0.tgz 1420ms (cache miss)
818 timing reifyNode:node_modules/fs.realpath Completed in 1722ms
819 http fetch GET 200 https://registry.npmjs.org/graceful-fs/-/graceful-fs-4.2.10.tgz 1411ms (cache miss)
820 timing reifyNode:node_modules/graceful-fs Completed in 1723ms
821 http fetch GET 200 https://registry.npmjs.org/depd/-/depd-1.1.2.tgz 1525ms (cache miss)
822 timing reifyNode:node_modules/depd Completed in 1739ms
823 timing reifyNode:node_modules/gauge Completed in 1741ms
824 http fetch GET 200 https://registry.npmjs.org/agentkeepalive/-/agentkeepalive-4.2.1.tgz 1473ms (cache miss)
825 timing reifyNode:node_modules/agentkeepalive Completed in 1739ms
826 http fetch GET 200 https://registry.npmjs.org/env-paths/-/env-paths-2.2.1.tgz 1422ms (cache miss)
827 timing reifyNode:node_modules/env-paths Completed in 1740ms
828 http fetch GET 200 https://registry.npmjs.org/function-bind/-/function-bind-1.1.1.tgz 1376ms (cache miss)
829 http fetch GET 200 https://registry.npmjs.org/wrappy/-/wrappy-1.0.2.tgz 1480ms (cache miss)
830 timing reifyNode:node_modules/wrappy Completed in 1751ms
831 http fetch GET 200 https://registry.npmjs.org/nopt/-/nopt-5.0.0.tgz 1426ms (cache miss)
832 timing reifyNode:node_modules/nopt Completed in 1752ms
833 http fetch GET 200 https://registry.npmjs.org/ms/-/ms-2.1.2.tgz 1378ms (cache miss)
834 timing reifyNode:node_modules/ms Completed in 1754ms
835 timing reifyNode:node_modules/unique-filename Completed in 1768ms
836 http fetch GET 200 https://registry.npmjs.org/glob/-/glob-7.2.3.tgz 1461ms (cache miss)
837 timing reifyNode:node_modules/glob Completed in 1767ms
838 http fetch GET 200 https://registry.npmjs.org/http-cache-semantics/-/http-cache-semantics-4.1.0.tgz 1503ms (cache miss)
839 timing reifyNode:node_modules/http-cache-semantics Completed in 1767ms
840 http fetch GET 200 https://registry.npmjs.org/whatwg-url/-/whatwg-url-5.0.0.tgz 1450ms (cache miss)
841 timing reifyNode:node_modules/whatwg-url Completed in 1766ms
842 http fetch GET 200 https://registry.npmjs.org/npmlog/-/npmlog-5.0.1.tgz 1445ms (cache miss)
843 timing reifyNode:node_modules/npmlog Completed in 1767ms
844 timing reifyNode:node_modules/agent-base Completed in 1768ms
845 http fetch GET 200 https://registry.npmjs.org/tarn/-/tarn-3.0.2.tgz 1388ms (cache miss)
846 http fetch GET 200 https://registry.npmjs.org/which/-/which-2.0.2.tgz 1476ms (cache miss)
847 timing reifyNode:node_modules/which Completed in 1780ms
848 http fetch GET 200 https://registry.npmjs.org/make-dir/-/make-dir-3.1.0.tgz 1455ms (cache miss)
849 timing reifyNode:node_modules/make-dir Completed in 1784ms
850 http fetch GET 200 https://registry.npmjs.org/node-fetch/-/node-fetch-2.6.7.tgz 1459ms (cache miss)
851 timing reifyNode:node_modules/function-bind Completed in 1784ms
852 http fetch GET 200 https://registry.npmjs.org/is-core-module/-/is-core-module-2.10.0.tgz 1427ms (cache miss)
853 timing reifyNode:node_modules/is-core-module Completed in 1800ms
854 http fetch GET 200 https://registry.npmjs.org/debug/-/debug-4.3.4.tgz 1395ms (cache miss)
855 timing reifyNode:node_modules/debug Completed in 1801ms
856 http fetch GET 200 https://registry.npmjs.org/gauge/-/gauge-4.0.4.tgz 1388ms (cache miss)
857 http fetch GET 200 https://registry.npmjs.org/rimraf/-/rimraf-3.0.2.tgz 1482ms (cache miss)
858 timing reifyNode:node_modules/rimraf Completed in 1805ms
859 http fetch GET 200 https://registry.npmjs.org/smart-buffer/-/smart-buffer-4.2.0.tgz 1686ms (cache miss)
860 timing reifyNode:node_modules/smart-buffer Completed in 1810ms
861 timing reifyNode:node_modules/node-fetch Completed in 1807ms
862 http fetch GET 200 https://registry.npmjs.org/detect-libc/-/detect-libc-2.0.1.tgz 1478ms (cache miss)
863 timing reifyNode:node_modules/detect-libc Completed in 1808ms
864 http fetch GET 200 https://registry.npmjs.org/supports-preserve-symlinks-flag/-/supports-preserve-symlinks-flag-1.0.0.tgz 1444ms (cache miss)
865 timing reifyNode:node_modules/supports-preserve-symlinks-flag Completed in 1811ms
866 http fetch GET 200 https://registry.npmjs.org/tildify/-/tildify-2.0.0.tgz 1433ms (cache miss)
867 timing reifyNode:node_modules/tildify Completed in 1812ms
868 http fetch GET 200 https://registry.npmjs.org/escalade/-/escalade-3.1.1.tgz 1411ms (cache miss)
869 timing reifyNode:node_modules/escalade Completed in 1814ms
870 http fetch GET 200 https://registry.npmjs.org/has/-/has-1.0.3.tgz 1449ms (cache miss)
871 timing reifyNode:node_modules/has Completed in 1818ms
872 http fetch GET 200 https://registry.npmjs.org/interpret/-/interpret-2.2.0.tgz 1429ms (cache miss)
873 timing reifyNode:node_modules/interpret Completed in 1819ms
874 http fetch GET 200 https://registry.npmjs.org/get-package-type/-/get-package-type-0.1.0.tgz 1422ms (cache miss)
875 timing reifyNode:node_modules/get-package-type Completed in 1820ms
876 http fetch GET 200 https://registry.npmjs.org/pg-connection-string/-/pg-connection-string-2.5.0.tgz 1423ms (cache miss)
877 timing reifyNode:node_modules/pg-connection-string Completed in 1821ms
878 http fetch GET 200 https://registry.npmjs.org/semver/-/semver-6.3.0.tgz 1409ms (cache miss)
879 timing reifyNode:node_modules/make-dir/node_modules/semver Completed in 1829ms
880 http fetch GET 200 https://registry.npmjs.org/https-proxy-agent/-/https-proxy-agent-5.0.1.tgz 1489ms (cache miss)
881 timing reifyNode:node_modules/https-proxy-agent Completed in 1831ms
882 http fetch GET 200 https://registry.npmjs.org/resolve-from/-/resolve-from-5.0.0.tgz 1450ms (cache miss)
883 timing reifyNode:node_modules/resolve-from Completed in 1831ms
884 http fetch GET 200 https://registry.npmjs.org/colorette/-/colorette-2.0.19.tgz 1430ms (cache miss)
885 timing reifyNode:node_modules/colorette Completed in 1833ms
886 http fetch GET 200 https://registry.npmjs.org/rechoir/-/rechoir-0.8.0.tgz 1454ms (cache miss)
887 timing reifyNode:node_modules/rechoir Completed in 1842ms
888 http fetch GET 200 https://registry.npmjs.org/npmlog/-/npmlog-6.0.2.tgz 1412ms (cache miss)
889 timing reifyNode:node_modules/node-gyp/node_modules/npmlog Completed in 1846ms
890 http fetch GET 200 https://registry.npmjs.org/getopts/-/getopts-2.3.0.tgz 1461ms (cache miss)
891 timing reifyNode:node_modules/getopts Completed in 1852ms
892 http fetch GET 200 https://registry.npmjs.org/are-we-there-yet/-/are-we-there-yet-3.0.1.tgz 1446ms (cache miss)
893 timing reifyNode:node_modules/node-gyp/node_modules/are-we-there-yet Completed in 1864ms
894 http fetch GET 200 https://registry.npmjs.org/path-parse/-/path-parse-1.0.7.tgz 1492ms (cache miss)
895 timing reifyNode:node_modules/path-parse Completed in 1863ms
896 http fetch GET 200 https://registry.npmjs.org/make-fetch-happen/-/make-fetch-happen-9.1.0.tgz 1554ms (cache miss)
897 timing reifyNode:node_modules/make-fetch-happen Completed in 1868ms
898 http fetch GET 200 https://registry.npmjs.org/cacache/-/cacache-15.3.0.tgz 1583ms (cache miss)
899 timing reifyNode:node_modules/tarn Completed in 1896ms
900 timing reifyNode:node_modules/cacache Completed in 1902ms
901 timing reifyNode:node_modules/node-gyp/node_modules/gauge Completed in 1913ms
902 timing reifyNode:node_modules/@npmcli/fs Completed in 1916ms
903 http fetch GET 200 https://registry.npmjs.org/commander/-/commander-9.4.0.tgz 1536ms (cache miss)
904 timing reifyNode:node_modules/commander Completed in 1937ms
905 http fetch GET 200 https://registry.npmjs.org/esm/-/esm-3.2.25.tgz 1562ms (cache miss)
906 timing reifyNode:node_modules/esm Completed in 1962ms
907 http fetch GET 200 https://registry.npmjs.org/readable-stream/-/readable-stream-3.6.0.tgz 1825ms (cache miss)
908 timing reifyNode:node_modules/readable-stream Completed in 1970ms
909 http fetch GET 200 https://registry.npmjs.org/tar/-/tar-6.1.11.tgz 1673ms (cache miss)
910 timing reifyNode:node_modules/tar Completed in 2016ms
911 http fetch GET 200 https://registry.npmjs.org/socks/-/socks-2.7.0.tgz 1905ms (cache miss)
912 http fetch GET 200 https://registry.npmjs.org/@donothing/can-u-build-sqlite3/-/can-u-build-sqlite3-1.1.2.tgz 1626ms (cache miss)
913 timing reifyNode:node_modules/@donothing/can-u-build-sqlite3 Completed in 2034ms
914 http fetch GET 200 https://registry.npmjs.org/@mapbox/node-pre-gyp/-/node-pre-gyp-1.0.9.tgz 1675ms (cache miss)
915 timing reifyNode:node_modules/socks Completed in 2045ms
916 timing reifyNode:node_modules/@mapbox/node-pre-gyp Completed in 2047ms
917 http fetch GET 200 https://registry.npmjs.org/semver/-/semver-7.3.7.tgz 1730ms (cache miss)
918 timing reifyNode:node_modules/semver Completed in 2057ms
919 http fetch GET 200 https://registry.npmjs.org/node-addon-api/-/node-addon-api-4.3.0.tgz 1707ms (cache miss)
920 timing reifyNode:node_modules/node-addon-api Completed in 2058ms
921 http fetch GET 200 https://registry.npmjs.org/iconv-lite/-/iconv-lite-0.6.3.tgz 1905ms (cache miss)
922 timing reifyNode:node_modules/iconv-lite Completed in 2068ms
923 http fetch GET 200 https://registry.npmjs.org/resolve/-/resolve-1.22.1.tgz 1949ms (cache miss)
924 timing reifyNode:node_modules/resolve Completed in 2325ms
925 http fetch GET 200 https://registry.npmjs.org/sqlite3/-/sqlite3-5.0.11.tgz 1925ms (cache miss)
926 timing reifyNode:node_modules/sqlite3 Completed in 2331ms
927 http fetch GET 200 https://registry.npmjs.org/node-gyp/-/node-gyp-8.4.1.tgz 2078ms (cache miss)
928 timing reifyNode:node_modules/node-gyp Completed in 2429ms
929 http fetch GET 200 https://registry.npmjs.org/knex/-/knex-2.2.0.tgz 2046ms (cache miss)
930 timing reifyNode:node_modules/knex Completed in 2459ms
931 http fetch GET 200 https://registry.npmjs.org/lodash/-/lodash-4.17.21.tgz 2419ms (cache miss)
932 timing reifyNode:node_modules/lodash Completed in 2806ms
933 timing reify:unpack Completed in 2812ms
934 timing reify:unretire Completed in 1ms
935 timing build:queue Completed in 12ms
936 timing build:link:node_modules/@donothing/can-u-build-sqlite3 Completed in 13ms
937 timing build:link:node_modules/make-dir/node_modules/semver Completed in 11ms
938 timing build:link:node_modules/color-support Completed in 13ms
939 timing build:link:node_modules/@mapbox/node-pre-gyp Completed in 13ms
940 timing build:link:node_modules/knex Completed in 13ms
941 timing build:link:node_modules/nopt Completed in 12ms
942 timing build:link:node_modules/mkdirp Completed in 13ms
943 timing build:link:node_modules/resolve Completed in 12ms
944 timing build:link:node_modules/node-gyp Completed in 13ms
945 timing build:link:node_modules/rimraf Completed in 12ms
946 timing build:link:node_modules/semver Completed in 12ms
947 timing build:link:node_modules/which Completed in 12ms
948 timing build:link Completed in 14ms
949 info run sqlite3@5.0.11 install node_modules/sqlite3 node-pre-gyp install --fallback-to-build
950 info run sqlite3@5.0.11 install { code: 0, signal: null }
951 timing build:run:install:node_modules/sqlite3 Completed in 2823ms
952 timing build:run:install Completed in 2824ms
953 timing build:deps Completed in 2850ms
954 timing build Completed in 2851ms
955 timing reify:build Completed in 2852ms
956 timing reify:trash Completed in 0ms
957 timing reify:save Completed in 73ms
958 timing reify Completed in 13031ms
959 timing command:exec Completed in 16005ms
960 notice
960 notice New [33mminor[39m version of npm available! [31m8.15.0[39m -> [32m8.18.0[39m
960 notice Changelog: [36mhttps://github.com/npm/cli/releases/tag/v8.18.0[39m
960 notice Run [32mnpm install -g npm@8.18.0[39m to update!
960 notice
961 verbose exit 0
962 timing npm Completed in 16225ms
963 info ok
