0 verbose cli /home/taranakiyoza/.nvm/versions/node/v16.17.0/bin/node /home/taranakiyoza/.nvm/versions/node/v16.17.0/lib/node_modules/npm/bin/npm-cli.js
1 info using npm@8.15.0
2 info using node@v16.17.0
3 timing npm:load:whichnode Completed in 1ms
4 timing config:load:defaults Completed in 1ms
5 timing config:load:file:/home/taranakiyoza/.nvm/versions/node/v16.17.0/lib/node_modules/npm/npmrc Completed in 2ms
6 timing config:load:builtin Completed in 2ms
7 timing config:load:cli Completed in 2ms
8 timing config:load:env Completed in 0ms
9 timing config:load:project Completed in 4ms
10 timing config:load:file:/home/taranakiyoza/.npmrc Completed in 0ms
11 timing config:load:user Completed in 0ms
12 timing config:load:file:/home/taranakiyoza/.nvm/versions/node/v16.17.0/etc/npmrc Completed in 0ms
13 timing config:load:global Completed in 0ms
14 timing config:load:validate Completed in 0ms
15 timing config:load:credentials Completed in 1ms
16 timing config:load:setEnvs Completed in 1ms
17 timing config:load Completed in 12ms
18 timing npm:load:configload Completed in 12ms
19 timing npm:load:mkdirpcache Completed in 2ms
20 timing npm:load:mkdirplogs Completed in 1ms
21 verbose title npm exec @devacademy/checklist
22 verbose argv "exec" "--yes" "--" "@devacademy/checklist"
23 timing npm:load:setTitle Completed in 1ms
24 timing config:load:flatten Completed in 2ms
25 timing npm:load:display Completed in 3ms
26 verbose logfile logs-max:10 dir:/home/taranakiyoza/.npm/_logs
27 verbose logfile /home/taranakiyoza/.npm/_logs/2022-08-29T21_53_23_109Z-debug-0.log
28 timing npm:load:logFile Completed in 4ms
29 timing npm:load:timers Completed in 0ms
30 timing npm:load:configScope Completed in 0ms
31 timing npm:load Completed in 24ms
32 silly logfile done cleaning log files
33 timing arborist:ctor Completed in 0ms
34 http fetch GET 200 https://registry.npmjs.org/@devacademy%2fchecklist 1544ms (cache revalidated)
35 timing arborist:ctor Completed in 0ms
36 timing arborist:ctor Completed in 0ms
37 timing command:exec Completed in 6235ms
38 verbose exit 1
39 timing npm Completed in 6298ms
40 verbose code 1
